TN:
SF:src/App.tsx
FN:15,(anonymous_0)
FN:16,(anonymous_1)
FN:17,(anonymous_2)
FN:18,(anonymous_3)
FN:19,(anonymous_4)
FN:20,(anonymous_5)
FN:21,(anonymous_6)
FN:22,(anonymous_7)
FN:23,(anonymous_8)
FN:24,(anonymous_9)
FN:25,(anonymous_10)
FN:26,(anonymous_11)
FN:27,(anonymous_12)
FN:28,(anonymous_13)
FN:29,(anonymous_14)
FN:30,(anonymous_15)
FN:31,(anonymous_16)
FN:32,(anonymous_17)
FN:33,(anonymous_18)
FN:34,(anonymous_19)
FN:35,(anonymous_20)
FN:42,App
FN:46,(anonymous_22)
FN:48,loadConfig
FN:69,(anonymous_24)
FN:79,(anonymous_25)
FNF:26
FNH:0
FNDA:0,(anonymous_0)
FNDA:0,(anonymous_1)
FNDA:0,(anonymous_2)
FNDA:0,(anonymous_3)
FNDA:0,(anonymous_4)
FNDA:0,(anonymous_5)
FNDA:0,(anonymous_6)
FNDA:0,(anonymous_7)
FNDA:0,(anonymous_8)
FNDA:0,(anonymous_9)
FNDA:0,(anonymous_10)
FNDA:0,(anonymous_11)
FNDA:0,(anonymous_12)
FNDA:0,(anonymous_13)
FNDA:0,(anonymous_14)
FNDA:0,(anonymous_15)
FNDA:0,(anonymous_16)
FNDA:0,(anonymous_17)
FNDA:0,(anonymous_18)
FNDA:0,(anonymous_19)
FNDA:0,(anonymous_20)
FNDA:0,App
FNDA:0,(anonymous_22)
FNDA:0,loadConfig
FNDA:0,(anonymous_24)
FNDA:0,(anonymous_25)
DA:15,0
DA:16,0
DA:17,0
DA:18,0
DA:19,0
DA:20,0
DA:21,0
DA:22,0
DA:23,0
DA:24,0
DA:25,0
DA:26,0
DA:27,0
DA:28,0
DA:29,0
DA:30,0
DA:31,0
DA:32,0
DA:33,0
DA:34,0
DA:35,0
DA:43,0
DA:44,0
DA:46,0
DA:49,0
DA:50,0
DA:51,0
DA:54,0
DA:57,0
DA:58,0
DA:59,0
DA:60,0
DA:61,0
DA:63,0
DA:65,0
DA:69,0
DA:70,0
DA:71,0
DA:72,0
DA:73,0
DA:74,0
DA:75,0
DA:76,0
DA:78,0
DA:79,0
DA:81,0
DA:82,0
DA:88,0
LF:48
LH:0
BRDA:58,0,0,0
BRDA:58,0,1,0
BRDA:70,1,0,0
BRDA:70,1,1,0
BRDA:73,2,0,0
BRDA:73,2,1,0
BRDA:81,3,0,0
BRDA:81,3,1,0
BRDA:81,4,0,0
BRDA:81,4,1,0
BRF:10
BRH:0
end_of_record
TN:
SF:src/app-config.ts
FNF:0
FNH:0
DA:22,4
LF:1
LH:1
BRF:0
BRH:0
end_of_record
TN:
SF:src/main.tsx
FNF:0
FNH:0
DA:7,0
LF:1
LH:0
BRF:0
BRH:0
end_of_record
TN:
SF:src/vite-env.d.ts
FNF:0
FNH:0
LF:0
LH:0
BRF:0
BRH:0
end_of_record
TN:
SF:src/components/AdminLayout.tsx
FN:15,AdminLayout
FNF:1
FNH:0
FNDA:0,AdminLayout
DA:4,0
DA:16,0
LF:2
LH:0
BRF:0
BRH:0
end_of_record
TN:
SF:src/components/BaseLayout.tsx
FN:23,BaseLayout
FN:37,(anonymous_1)
FN:42,(anonymous_2)
FN:83,(anonymous_3)
FN:94,(anonymous_4)
FN:97,(anonymous_5)
FN:141,(anonymous_6)
FN:149,(anonymous_7)
FNF:8
FNH:4
FNDA:87,BaseLayout
FNDA:0,(anonymous_1)
FNDA:708,(anonymous_2)
FNDA:0,(anonymous_3)
FNDA:354,(anonymous_4)
FNDA:0,(anonymous_5)
FNDA:354,(anonymous_6)
FNDA:0,(anonymous_7)
DA:32,87
DA:33,87
DA:34,87
DA:35,87
DA:37,87
DA:38,0
DA:39,0
DA:42,708
DA:45,87
DA:55,87
DA:83,0
DA:95,354
DA:97,0
DA:141,354
DA:149,0
LF:15
LH:10
BRDA:59,0,0,87
BRDA:59,0,1,0
BRDA:64,1,0,87
BRDA:64,1,1,87
BRDA:65,2,0,81
BRDA:65,2,1,6
BRDA:75,3,0,87
BRDA:75,3,1,0
BRDA:87,4,0,87
BRDA:87,4,1,0
BRDA:98,5,0,0
BRDA:98,5,1,354
BRDA:104,6,0,354
BRDA:104,6,1,354
BRDA:113,7,0,87
BRDA:113,7,1,87
BRDA:113,7,2,87
BRDA:115,8,0,87
BRDA:115,8,1,4
BRDA:115,8,2,3
BRDA:116,9,0,87
BRDA:116,9,1,3
BRDA:117,10,0,87
BRDA:117,10,1,6
BRDA:129,11,0,87
BRDA:129,11,1,87
BRDA:141,12,0,87
BRDA:141,12,1,87
BRDA:147,13,0,87
BRDA:147,13,1,0
BRF:30
BRH:25
end_of_record
TN:
SF:src/components/ErrorBoundary.tsx
FN:19,(anonymous_0)
FN:24,(anonymous_1)
FN:28,(anonymous_2)
FN:32,(anonymous_3)
FN:45,(anonymous_4)
FNF:5
FNH:0
FNDA:0,(anonymous_0)
FNDA:0,(anonymous_1)
FNDA:0,(anonymous_2)
FNDA:0,(anonymous_3)
FNDA:0,(anonymous_4)
DA:20,0
DA:21,0
DA:25,0
DA:29,0
DA:33,0
DA:34,0
DA:35,0
DA:37,0
DA:45,0
DA:53,0
LF:10
LH:0
BRDA:33,0,0,0
BRDA:33,0,1,0
BRDA:33,1,0,0
BRDA:33,1,1,0
BRDA:34,2,0,0
BRDA:34,2,1,0
BRF:6
BRH:0
end_of_record
TN:
SF:src/components/ManagerLayout.tsx
FN:12,ManagerLayout
FNF:1
FNH:1
FNDA:6,ManagerLayout
DA:4,4
DA:13,6
LF:2
LH:2
BRF:0
BRH:0
end_of_record
TN:
SF:src/components/ProtectedRoute.tsx
FN:17,ProtectedRoute
FNF:1
FNH:0
FNDA:0,ProtectedRoute
DA:23,0
DA:25,0
DA:26,0
DA:33,0
DA:34,0
DA:37,0
DA:38,0
DA:41,0
DA:42,0
DA:45,0
DA:46,0
DA:49,0
LF:12
LH:0
BRDA:19,0,0,0
BRDA:20,1,0,0
BRDA:21,2,0,0
BRDA:25,3,0,0
BRDA:25,3,1,0
BRDA:33,4,0,0
BRDA:33,4,1,0
BRDA:37,5,0,0
BRDA:37,5,1,0
BRDA:37,6,0,0
BRDA:37,6,1,0
BRDA:41,7,0,0
BRDA:41,7,1,0
BRDA:41,8,0,0
BRDA:41,8,1,0
BRDA:45,9,0,0
BRDA:45,9,1,0
BRDA:45,10,0,0
BRDA:45,10,1,0
BRF:19
BRH:0
end_of_record
TN:
SF:src/components/StudentLayout.tsx
FN:11,StudentLayout
FNF:1
FNH:1
FNDA:81,StudentLayout
DA:4,7
DA:12,81
LF:2
LH:2
BRF:0
BRH:0
end_of_record
TN:
SF:src/components/app/app.tsx
FN:19,AppSetup
FN:33,App
FN:34,(anonymous_2)
FN:43,(anonymous_3)
FN:65,(anonymous_4)
FN:94,(anonymous_5)
FN:109,(anonymous_6)
FNF:7
FNH:0
FNDA:0,AppSetup
FNDA:0,App
FNDA:0,(anonymous_2)
FNDA:0,(anonymous_3)
FNDA:0,(anonymous_4)
FNDA:0,(anonymous_5)
FNDA:0,(anonymous_6)
DA:17,0
DA:20,0
DA:21,0
DA:23,0
DA:34,0
DA:35,0
DA:36,0
DA:40,0
DA:42,0
DA:43,0
DA:44,0
DA:47,0
DA:53,0
DA:54,0
DA:55,0
DA:56,0
DA:59,0
DA:64,0
DA:65,0
DA:66,0
DA:67,0
DA:69,0
DA:70,0
DA:76,0
DA:82,0
DA:88,0
DA:92,0
DA:94,0
DA:95,0
DA:98,0
DA:103,0
DA:108,0
DA:109,0
DA:110,0
DA:111,0
DA:113,0
DA:114,0
DA:120,0
DA:126,0
DA:132,0
DA:136,0
DA:138,0
LF:42
LH:0
BRDA:35,0,0,0
BRDA:35,0,1,0
BRDA:40,1,0,0
BRDA:40,1,1,0
BRDA:40,1,2,0
BRDA:42,2,0,0
BRDA:42,2,1,0
BRDA:55,3,0,0
BRDA:55,3,1,0
BRDA:64,4,0,0
BRDA:64,4,1,0
BRDA:67,5,0,0
BRDA:67,5,1,0
BRDA:96,6,0,0
BRDA:96,6,1,0
BRDA:108,7,0,0
BRDA:108,7,1,0
BRDA:111,8,0,0
BRDA:111,8,1,0
BRF:19
BRH:0
end_of_record
TN:
SF:src/components/app/chat-transcript.tsx
FN:60,ChatTranscript
FN:69,(anonymous_1)
FN:92,(anonymous_2)
FNF:3
FNH:0
FNDA:0,ChatTranscript
FNDA:0,(anonymous_1)
FNDA:0,(anonymous_2)
DA:6,0
DA:8,0
DA:9,0
DA:11,0
DA:38,0
DA:66,0
DA:69,0
DA:77,0
DA:78,0
DA:79,0
DA:82,0
DA:83,0
DA:86,0
DA:93,0
DA:97,0
DA:98,0
DA:99,0
DA:101,0
DA:104,0
DA:105,0
DA:107,0
LF:21
LH:0
BRDA:61,0,0,0
BRDA:62,1,0,0
BRDA:77,2,0,0
BRDA:77,2,1,0
BRDA:82,3,0,0
BRDA:82,3,1,0
BRDA:98,4,0,0
BRDA:98,4,1,0
BRDA:99,5,0,0
BRDA:99,5,1,0
BRDA:101,6,0,0
BRDA:101,6,1,0
BRDA:104,7,0,0
BRDA:104,7,1,0
BRF:14
BRH:0
end_of_record
TN:
SF:src/components/app/preconnect-message.tsx
FN:39,PreConnectMessage
FNF:1
FNH:0
FNDA:0,PreConnectMessage
DA:6,0
DA:8,0
DA:10,0
DA:40,0
LF:4
LH:0
BRDA:39,0,0,0
BRDA:42,1,0,0
BRDA:42,1,1,0
BRF:3
BRH:0
end_of_record
TN:
SF:src/components/app/room-status-bar.tsx
FN:11,RoomStatusBar
FN:26,(anonymous_1)
FN:38,(anonymous_2)
FN:41,(anonymous_3)
FN:45,(anonymous_4)
FN:53,(anonymous_5)
FN:60,(anonymous_6)
FN:67,(anonymous_7)
FN:83,(anonymous_8)
FN:88,(anonymous_9)
FN:96,(anonymous_10)
FN:103,(anonymous_11)
FN:110,(anonymous_12)
FN:116,(anonymous_13)
FN:132,(anonymous_14)
FN:140,(anonymous_15)
FN:149,(anonymous_16)
FN:156,(anonymous_17)
FN:190,(anonymous_18)
FNF:19
FNH:0
FNDA:0,RoomStatusBar
FNDA:0,(anonymous_1)
FNDA:0,(anonymous_2)
FNDA:0,(anonymous_3)
FNDA:0,(anonymous_4)
FNDA:0,(anonymous_5)
FNDA:0,(anonymous_6)
FNDA:0,(anonymous_7)
FNDA:0,(anonymous_8)
FNDA:0,(anonymous_9)
FNDA:0,(anonymous_10)
FNDA:0,(anonymous_11)
FNDA:0,(anonymous_12)
FNDA:0,(anonymous_13)
FNDA:0,(anonymous_14)
FNDA:0,(anonymous_15)
FNDA:0,(anonymous_16)
FNDA:0,(anonymous_17)
FNDA:0,(anonymous_18)
DA:5,0
DA:12,0
DA:13,0
DA:14,0
DA:17,0
DA:19,0
DA:26,0
DA:27,0
DA:28,0
DA:30,0
DA:32,0
DA:35,0
DA:38,0
DA:39,0
DA:41,0
DA:42,0
DA:43,0
DA:45,0
DA:46,0
DA:47,0
DA:50,0
DA:51,0
DA:53,0
DA:54,0
DA:55,0
DA:60,0
DA:61,0
DA:62,0
DA:63,0
DA:67,0
DA:68,0
DA:69,0
DA:70,0
DA:71,0
DA:72,0
DA:74,0
DA:78,0
DA:81,0
DA:83,0
DA:84,0
DA:85,0
DA:88,0
DA:89,0
DA:90,0
DA:93,0
DA:94,0
DA:96,0
DA:97,0
DA:98,0
DA:99,0
DA:103,0
DA:104,0
DA:105,0
DA:106,0
DA:107,0
DA:110,0
DA:111,0
DA:112,0
DA:113,0
DA:116,0
DA:124,0
DA:127,0
DA:128,0
DA:132,0
DA:134,0
DA:137,0
DA:138,0
DA:140,0
DA:141,0
DA:142,0
DA:143,0
DA:144,0
DA:149,0
DA:150,0
DA:151,0
DA:152,0
DA:156,0
DA:159,0
DA:160,0
DA:161,0
DA:162,0
DA:163,0
DA:164,0
DA:165,0
DA:166,0
DA:167,0
DA:169,0
DA:171,0
DA:173,0
DA:175,0
DA:178,0
DA:183,0
DA:190,0
DA:191,0
DA:193,0
DA:200,0
DA:207,0
DA:214,0
DA:223,0
DA:226,0
LF:100
LH:0
BRDA:11,0,0,0
BRDA:11,1,0,0
BRDA:27,2,0,0
BRDA:27,2,1,0
BRDA:39,3,0,0
BRDA:39,3,1,0
BRDA:61,4,0,0
BRDA:61,4,1,0
BRDA:71,5,0,0
BRDA:71,5,1,0
BRDA:104,6,0,0
BRDA:104,6,1,0
BRDA:114,7,0,0
BRDA:114,7,1,0
BRDA:115,8,0,0
BRDA:115,8,1,0
BRDA:119,9,0,0
BRDA:119,9,1,0
BRDA:150,10,0,0
BRDA:150,10,1,0
BRDA:150,11,0,0
BRDA:150,11,1,0
BRDA:159,12,0,0
BRDA:159,12,1,0
BRDA:161,13,0,0
BRDA:161,13,1,0
BRDA:161,14,0,0
BRDA:161,14,1,0
BRDA:163,15,0,0
BRDA:163,15,1,0
BRDA:163,16,0,0
BRDA:163,16,1,0
BRDA:165,17,0,0
BRDA:165,17,1,0
BRDA:165,18,0,0
BRDA:165,18,1,0
BRDA:167,19,0,0
BRDA:167,19,1,0
BRDA:173,20,0,0
BRDA:173,20,1,0
BRDA:183,21,0,0
BRDA:183,21,1,0
BRDA:185,22,0,0
BRDA:185,22,1,0
BRDA:191,23,0,0
BRDA:191,23,1,0
BRDA:191,23,2,0
BRDA:191,23,3,0
BRDA:234,24,0,0
BRDA:234,24,1,0
BRDA:236,25,0,0
BRDA:236,25,1,0
BRDA:241,26,0,0
BRDA:241,26,1,0
BRDA:243,27,0,0
BRDA:243,27,1,0
BRDA:248,28,0,0
BRDA:248,28,1,0
BRDA:250,29,0,0
BRDA:250,29,1,0
BRDA:254,30,0,0
BRDA:254,30,1,0
BRDA:256,31,0,0
BRDA:256,31,1,0
BRDA:266,32,0,0
BRDA:266,32,1,0
BRDA:270,33,0,0
BRDA:270,33,1,0
BRDA:272,34,0,0
BRDA:272,34,1,0
BRDA:286,35,0,0
BRDA:286,35,1,0
BRDA:292,36,0,0
BRDA:292,36,1,0
BRF:74
BRH:0
end_of_record
TN:
SF:src/components/app/session-view.tsx
FN:57,Fade
FN:90,(anonymous_1)
FN:127,(anonymous_2)
FN:131,(anonymous_3)
FN:134,(anonymous_4)
FN:138,(anonymous_5)
FN:147,(anonymous_6)
FN:153,(anonymous_7)
FN:167,(anonymous_8)
FN:169,(anonymous_9)
FN:197,(anonymous_10)
FN:220,(anonymous_11)
FN:238,(anonymous_12)
FN:242,(anonymous_13)
FN:259,(anonymous_14)
FN:263,(anonymous_15)
FN:281,(anonymous_16)
FN:292,(anonymous_17)
FN:297,(anonymous_18)
FN:303,(anonymous_19)
FN:320,(anonymous_20)
FN:322,(anonymous_21)
FN:339,(anonymous_22)
FN:342,(anonymous_23)
FN:368,(anonymous_24)
FN:372,(anonymous_25)
FN:377,(anonymous_26)
FN:379,(anonymous_27)
FN:410,(anonymous_28)
FN:411,(anonymous_29)
FN:431,(anonymous_30)
FN:441,(anonymous_31)
FN:444,(anonymous_32)
FN:459,(anonymous_33)
FN:464,(anonymous_34)
FN:469,(anonymous_35)
FN:492,(anonymous_36)
FN:510,(anonymous_37)
FN:520,(anonymous_38)
FN:530,(anonymous_39)
FN:543,(anonymous_40)
FN:597,(anonymous_41)
FN:619,(anonymous_42)
FN:624,(anonymous_43)
FN:672,(anonymous_44)
FN:693,(anonymous_45)
FN:702,(anonymous_46)
FN:717,(anonymous_47)
FN:719,(anonymous_48)
FN:735,(anonymous_49)
FN:736,(anonymous_50)
FN:742,(anonymous_51)
FN:754,(anonymous_52)
FN:755,(anonymous_53)
FN:766,(anonymous_54)
FN:783,(anonymous_55)
FN:830,(anonymous_56)
FN:832,(anonymous_57)
FN:839,(anonymous_58)
FN:865,(anonymous_59)
FN:880,(anonymous_60)
FN:882,(anonymous_61)
FN:883,(anonymous_62)
FN:932,(anonymous_63)
FN:945,(anonymous_64)
FN:957,(anonymous_65)
FN:958,(anonymous_66)
FN:980,(anonymous_67)
FN:981,(anonymous_68)
FN:982,(anonymous_69)
FN:989,(anonymous_70)
FN:994,(anonymous_71)
FN:1012,(anonymous_72)
FN:1043,(anonymous_73)
FN:1049,(anonymous_74)
FN:1052,(anonymous_75)
FN:1078,(anonymous_76)
FN:1095,(anonymous_77)
FN:1102,(anonymous_78)
FN:1163,(anonymous_79)
FN:1164,(anonymous_80)
FN:1202,(anonymous_81)
FN:1204,(anonymous_82)
FN:1210,(anonymous_83)
FN:1230,(anonymous_84)
FN:1244,(anonymous_85)
FN:1250,(anonymous_86)
FN:1280,(anonymous_87)
FN:1288,(anonymous_88)
FNF:89
FNH:0
FNDA:0,Fade
FNDA:0,(anonymous_1)
FNDA:0,(anonymous_2)
FNDA:0,(anonymous_3)
FNDA:0,(anonymous_4)
FNDA:0,(anonymous_5)
FNDA:0,(anonymous_6)
FNDA:0,(anonymous_7)
FNDA:0,(anonymous_8)
FNDA:0,(anonymous_9)
FNDA:0,(anonymous_10)
FNDA:0,(anonymous_11)
FNDA:0,(anonymous_12)
FNDA:0,(anonymous_13)
FNDA:0,(anonymous_14)
FNDA:0,(anonymous_15)
FNDA:0,(anonymous_16)
FNDA:0,(anonymous_17)
FNDA:0,(anonymous_18)
FNDA:0,(anonymous_19)
FNDA:0,(anonymous_20)
FNDA:0,(anonymous_21)
FNDA:0,(anonymous_22)
FNDA:0,(anonymous_23)
FNDA:0,(anonymous_24)
FNDA:0,(anonymous_25)
FNDA:0,(anonymous_26)
FNDA:0,(anonymous_27)
FNDA:0,(anonymous_28)
FNDA:0,(anonymous_29)
FNDA:0,(anonymous_30)
FNDA:0,(anonymous_31)
FNDA:0,(anonymous_32)
FNDA:0,(anonymous_33)
FNDA:0,(anonymous_34)
FNDA:0,(anonymous_35)
FNDA:0,(anonymous_36)
FNDA:0,(anonymous_37)
FNDA:0,(anonymous_38)
FNDA:0,(anonymous_39)
FNDA:0,(anonymous_40)
FNDA:0,(anonymous_41)
FNDA:0,(anonymous_42)
FNDA:0,(anonymous_43)
FNDA:0,(anonymous_44)
FNDA:0,(anonymous_45)
FNDA:0,(anonymous_46)
FNDA:0,(anonymous_47)
FNDA:0,(anonymous_48)
FNDA:0,(anonymous_49)
FNDA:0,(anonymous_50)
FNDA:0,(anonymous_51)
FNDA:0,(anonymous_52)
FNDA:0,(anonymous_53)
FNDA:0,(anonymous_54)
FNDA:0,(anonymous_55)
FNDA:0,(anonymous_56)
FNDA:0,(anonymous_57)
FNDA:0,(anonymous_58)
FNDA:0,(anonymous_59)
FNDA:0,(anonymous_60)
FNDA:0,(anonymous_61)
FNDA:0,(anonymous_62)
FNDA:0,(anonymous_63)
FNDA:0,(anonymous_64)
FNDA:0,(anonymous_65)
FNDA:0,(anonymous_66)
FNDA:0,(anonymous_67)
FNDA:0,(anonymous_68)
FNDA:0,(anonymous_69)
FNDA:0,(anonymous_70)
FNDA:0,(anonymous_71)
FNDA:0,(anonymous_72)
FNDA:0,(anonymous_73)
FNDA:0,(anonymous_74)
FNDA:0,(anonymous_75)
FNDA:0,(anonymous_76)
FNDA:0,(anonymous_77)
FNDA:0,(anonymous_78)
FNDA:0,(anonymous_79)
FNDA:0,(anonymous_80)
FNDA:0,(anonymous_81)
FNDA:0,(anonymous_82)
FNDA:0,(anonymous_83)
FNDA:0,(anonymous_84)
FNDA:0,(anonymous_85)
FNDA:0,(anonymous_86)
FNDA:0,(anonymous_87)
FNDA:0,(anonymous_88)
DA:26,0
DA:28,0
DA:30,0
DA:58,0
DA:90,0
DA:97,0
DA:98,0
DA:101,0
DA:102,0
DA:103,0
DA:106,0
DA:107,0
DA:110,0
DA:111,0
DA:112,0
DA:115,0
DA:118,0
DA:125,0
DA:127,0
DA:128,0
DA:131,0
DA:132,0
DA:133,0
DA:134,0
DA:137,0
DA:138,0
DA:139,0
DA:140,0
DA:147,0
DA:148,0
DA:151,0
DA:153,0
DA:154,0
DA:155,0
DA:156,0
DA:158,0
DA:159,0
DA:161,0
DA:165,0
DA:167,0
DA:169,0
DA:171,0
DA:173,0
DA:174,0
DA:177,0
DA:179,0
DA:181,0
DA:182,0
DA:183,0
DA:188,0
DA:190,0
DA:191,0
DA:195,0
DA:197,0
DA:198,0
DA:199,0
DA:201,0
DA:202,0
DA:203,0
DA:206,0
DA:210,0
DA:211,0
DA:212,0
DA:218,0
DA:220,0
DA:221,0
DA:222,0
DA:224,0
DA:225,0
DA:227,0
DA:228,0
DA:230,0
DA:232,0
DA:233,0
DA:238,0
DA:242,0
DA:243,0
DA:250,0
DA:251,0
DA:252,0
DA:253,0
DA:254,0
DA:255,0
DA:256,0
DA:259,0
DA:260,0
DA:261,0
DA:262,0
DA:263,0
DA:264,0
DA:276,0
DA:277,0
DA:278,0
DA:281,0
DA:282,0
DA:283,0
DA:286,0
DA:287,0
DA:288,0
DA:289,0
DA:292,0
DA:293,0
DA:297,0
DA:298,0
DA:299,0
DA:303,0
DA:304,0
DA:306,0
DA:307,0
DA:310,0
DA:311,0
DA:312,0
DA:313,0
DA:314,0
DA:320,0
DA:321,0
DA:322,0
DA:323,0
DA:325,0
DA:326,0
DA:327,0
DA:328,0
DA:331,0
DA:334,0
DA:339,0
DA:340,0
DA:342,0
DA:343,0
DA:344,0
DA:345,0
DA:346,0
DA:347,0
DA:348,0
DA:350,0
DA:351,0
DA:352,0
DA:354,0
DA:355,0
DA:356,0
DA:358,0
DA:359,0
DA:362,0
DA:368,0
DA:369,0
DA:372,0
DA:377,0
DA:378,0
DA:379,0
DA:380,0
DA:381,0
DA:382,0
DA:383,0
DA:384,0
DA:386,0
DA:387,0
DA:388,0
DA:390,0
DA:391,0
DA:392,0
DA:394,0
DA:395,0
DA:398,0
DA:403,0
DA:404,0
DA:410,0
DA:411,0
DA:412,0
DA:421,0
DA:422,0
DA:426,0
DA:427,0
DA:428,0
DA:429,0
DA:431,0
DA:432,0
DA:433,0
DA:434,0
DA:435,0
DA:441,0
DA:442,0
DA:444,0
DA:445,0
DA:446,0
DA:447,0
DA:448,0
DA:453,0
DA:454,0
DA:455,0
DA:459,0
DA:464,0
DA:465,0
DA:467,0
DA:469,0
DA:470,0
DA:471,0
DA:472,0
DA:475,0
DA:476,0
DA:477,0
DA:478,0
DA:481,0
DA:482,0
DA:490,0
DA:491,0
DA:492,0
DA:499,0
DA:502,0
DA:510,0
DA:520,0
DA:521,0
DA:530,0
DA:531,0
DA:543,0
DA:544,0
DA:545,0
DA:546,0
DA:547,0
DA:549,0
DA:560,0
DA:561,0
DA:563,0
DA:567,0
DA:568,0
DA:569,0
DA:570,0
DA:572,0
DA:576,0
DA:577,0
DA:580,0
DA:583,0
DA:585,0
DA:586,0
DA:587,0
DA:591,0
DA:592,0
DA:597,0
DA:598,0
DA:599,0
DA:600,0
DA:603,0
DA:608,0
DA:609,0
DA:611,0
DA:612,0
DA:615,0
DA:619,0
DA:620,0
DA:624,0
DA:625,0
DA:626,0
DA:627,0
DA:630,0
DA:634,0
DA:642,0
DA:643,0
DA:645,0
DA:646,0
DA:647,0
DA:648,0
DA:649,0
DA:652,0
DA:653,0
DA:658,0
DA:659,0
DA:663,0
DA:672,0
DA:673,0
DA:680,0
DA:683,0
DA:684,0
DA:685,0
DA:686,0
DA:691,0
DA:693,0
DA:694,0
DA:695,0
DA:696,0
DA:697,0
DA:698,0
DA:702,0
DA:703,0
DA:707,0
DA:717,0
DA:718,0
DA:719,0
DA:720,0
DA:722,0
DA:731,0
DA:734,0
DA:735,0
DA:736,0
DA:738,0
DA:739,0
DA:742,0
DA:743,0
DA:748,0
DA:752,0
DA:754,0
DA:755,0
DA:756,0
DA:758,0
DA:760,0
DA:761,0
DA:762,0
DA:763,0
DA:765,0
DA:766,0
DA:768,0
DA:771,0
DA:774,0
DA:779,0
DA:780,0
DA:783,0
DA:784,0
DA:785,0
DA:788,0
DA:789,0
DA:793,0
DA:794,0
DA:798,0
DA:801,0
DA:804,0
DA:807,0
DA:810,0
DA:822,0
DA:823,0
DA:830,0
DA:832,0
DA:833,0
DA:834,0
DA:839,0
DA:840,0
DA:844,0
DA:845,0
DA:848,0
DA:849,0
DA:850,0
DA:854,0
DA:856,0
DA:858,0
DA:859,0
DA:860,0
DA:861,0
DA:862,0
DA:864,0
DA:865,0
DA:867,0
DA:869,0
DA:870,0
DA:874,0
DA:875,0
DA:879,0
DA:880,0
DA:882,0
DA:883,0
DA:884,0
DA:886,0
DA:887,0
DA:888,0
DA:889,0
DA:892,0
DA:894,0
DA:895,0
DA:897,0
DA:899,0
DA:900,0
DA:903,0
DA:904,0
DA:905,0
DA:907,0
DA:908,0
DA:909,0
DA:911,0
DA:912,0
DA:916,0
DA:918,0
DA:927,0
DA:928,0
DA:932,0
DA:933,0
DA:939,0
DA:940,0
DA:941,0
DA:942,0
DA:943,0
DA:945,0
DA:946,0
DA:954,0
DA:957,0
DA:958,0
DA:959,0
DA:980,0
DA:981,0
DA:982,0
DA:983,0
DA:989,0
DA:990,0
DA:991,0
DA:994,0
DA:995,0
DA:998,0
DA:1001,0
DA:1012,0
DA:1015,0
DA:1016,0
DA:1017,0
DA:1027,0
DA:1028,0
DA:1029,0
DA:1030,0
DA:1034,0
DA:1036,0
DA:1039,0
DA:1043,0
DA:1044,0
DA:1045,0
DA:1049,0
DA:1050,0
DA:1052,0
DA:1062,0
DA:1070,0
DA:1071,0
DA:1072,0
DA:1073,0
DA:1078,0
DA:1079,0
DA:1080,0
DA:1082,0
DA:1083,0
DA:1086,0
DA:1095,0
DA:1102,0
DA:1164,0
DA:1166,0
DA:1168,0
DA:1169,0
DA:1170,0
DA:1172,0
DA:1174,0
DA:1202,0
DA:1205,0
DA:1207,0
DA:1208,0
DA:1210,0
DA:1211,0
DA:1212,0
DA:1214,0
DA:1215,0
DA:1216,0
DA:1217,0
DA:1218,0
DA:1232,0
DA:1233,0
DA:1244,0
DA:1251,0
DA:1252,0
DA:1255,0
DA:1256,0
DA:1257,0
DA:1258,0
DA:1259,0
DA:1260,0
DA:1261,0
DA:1262,0
DA:1263,0
DA:1266,0
DA:1270,0
DA:1271,0
DA:1273,0
DA:1277,0
DA:1278,0
DA:1280,0
DA:1281,0
DA:1282,0
DA:1283,0
DA:1286,0
DA:1288,0
DA:1289,0
LF:478
LH:0
BRDA:57,0,0,0
BRDA:57,1,0,0
BRDA:62,2,0,0
BRDA:62,2,1,0
BRDA:63,3,0,0
BRDA:63,3,1,0
BRDA:128,4,0,0
BRDA:128,4,1,0
BRDA:128,5,0,0
BRDA:128,5,1,0
BRDA:154,6,0,0
BRDA:154,6,1,0
BRDA:155,7,0,0
BRDA:155,7,1,0
BRDA:158,8,0,0
BRDA:158,8,1,0
BRDA:169,9,0,0
BRDA:169,9,1,0
BRDA:169,10,0,0
BRDA:169,10,1,0
BRDA:174,11,0,0
BRDA:174,11,1,0
BRDA:181,12,0,0
BRDA:181,12,1,0
BRDA:188,13,0,0
BRDA:188,13,1,0
BRDA:195,14,0,0
BRDA:195,14,1,0
BRDA:198,15,0,0
BRDA:198,15,1,0
BRDA:202,16,0,0
BRDA:202,16,1,0
BRDA:210,17,0,0
BRDA:210,17,1,0
BRDA:221,18,0,0
BRDA:221,18,1,0
BRDA:222,19,0,0
BRDA:222,19,1,0
BRDA:224,20,0,0
BRDA:224,20,1,0
BRDA:227,21,0,0
BRDA:227,21,1,0
BRDA:232,22,0,0
BRDA:232,22,1,0
BRDA:232,23,0,0
BRDA:232,23,1,0
BRDA:238,24,0,0
BRDA:238,24,1,0
BRDA:238,25,0,0
BRDA:238,25,1,0
BRDA:250,26,0,0
BRDA:250,26,1,0
BRDA:261,27,0,0
BRDA:261,27,1,0
BRDA:282,28,0,0
BRDA:282,28,1,0
BRDA:299,29,0,0
BRDA:299,29,1,0
BRDA:304,30,0,0
BRDA:304,30,1,0
BRDA:304,31,0,0
BRDA:304,31,1,0
BRDA:306,32,0,0
BRDA:306,32,1,0
BRDA:310,33,0,0
BRDA:310,33,1,0
BRDA:321,34,0,0
BRDA:321,34,1,0
BRDA:321,35,0,0
BRDA:321,35,1,0
BRDA:325,36,0,0
BRDA:325,36,1,0
BRDA:340,37,0,0
BRDA:340,37,1,0
BRDA:340,38,0,0
BRDA:340,38,1,0
BRDA:345,39,0,0
BRDA:345,39,1,0
BRDA:348,40,0,0
BRDA:348,40,1,0
BRDA:352,41,0,0
BRDA:352,41,1,0
BRDA:356,42,0,0
BRDA:356,42,1,0
BRDA:378,43,0,0
BRDA:378,43,1,0
BRDA:378,44,0,0
BRDA:378,44,1,0
BRDA:381,45,0,0
BRDA:381,45,1,0
BRDA:384,46,0,0
BRDA:384,46,1,0
BRDA:388,47,0,0
BRDA:388,47,1,0
BRDA:392,48,0,0
BRDA:392,48,1,0
BRDA:403,49,0,0
BRDA:403,49,1,0
BRDA:403,50,0,0
BRDA:403,50,1,0
BRDA:403,50,2,0
BRDA:413,51,0,0
BRDA:413,51,1,0
BRDA:413,51,2,0
BRDA:413,51,3,0
BRDA:421,52,0,0
BRDA:421,52,1,0
BRDA:421,53,0,0
BRDA:421,53,1,0
BRDA:421,53,2,0
BRDA:442,54,0,0
BRDA:442,54,1,0
BRDA:442,55,0,0
BRDA:442,55,1,0
BRDA:453,56,0,0
BRDA:453,56,1,0
BRDA:453,57,0,0
BRDA:453,57,1,0
BRDA:467,58,0,0
BRDA:467,58,1,0
BRDA:470,59,0,0
BRDA:470,59,1,0
BRDA:477,60,0,0
BRDA:477,60,1,0
BRDA:481,61,0,0
BRDA:481,61,1,0
BRDA:491,62,0,0
BRDA:491,62,1,0
BRDA:505,63,0,0
BRDA:505,63,1,0
BRDA:560,64,0,0
BRDA:560,64,1,0
BRDA:567,65,0,0
BRDA:567,65,1,0
BRDA:569,66,0,0
BRDA:569,66,1,0
BRDA:576,67,0,0
BRDA:576,67,1,0
BRDA:583,68,0,0
BRDA:583,68,1,0
BRDA:585,69,0,0
BRDA:585,69,1,0
BRDA:591,70,0,0
BRDA:591,70,1,0
BRDA:608,71,0,0
BRDA:608,71,1,0
BRDA:608,71,2,0
BRDA:611,72,0,0
BRDA:611,72,1,0
BRDA:611,73,0,0
BRDA:611,73,1,0
BRDA:611,73,2,0
BRDA:611,73,3,0
BRDA:615,74,0,0
BRDA:615,74,1,0
BRDA:615,75,0,0
BRDA:615,75,1,0
BRDA:625,76,0,0
BRDA:625,76,1,0
BRDA:626,77,0,0
BRDA:626,77,1,0
BRDA:627,78,0,0
BRDA:627,78,1,0
BRDA:627,78,2,0
BRDA:630,79,0,0
BRDA:630,79,1,0
BRDA:630,79,2,0
BRDA:639,80,0,0
BRDA:639,80,1,0
BRDA:642,81,0,0
BRDA:642,81,1,0
BRDA:645,82,0,0
BRDA:645,82,1,0
BRDA:645,83,0,0
BRDA:645,83,1,0
BRDA:731,84,0,0
BRDA:731,84,1,0
BRDA:734,85,0,0
BRDA:734,85,1,0
BRDA:738,86,0,0
BRDA:738,86,1,0
BRDA:738,87,0,0
BRDA:738,87,1,0
BRDA:738,87,2,0
BRDA:738,87,3,0
BRDA:743,88,0,0
BRDA:743,88,1,0
BRDA:752,89,0,0
BRDA:752,89,1,0
BRDA:756,90,0,0
BRDA:756,90,1,0
BRDA:756,91,0,0
BRDA:756,91,1,0
BRDA:756,91,2,0
BRDA:760,92,0,0
BRDA:760,92,1,0
BRDA:762,93,0,0
BRDA:762,93,1,0
BRDA:771,94,0,0
BRDA:771,94,1,0
BRDA:784,95,0,0
BRDA:784,95,1,0
BRDA:788,96,0,0
BRDA:788,96,1,0
BRDA:793,97,0,0
BRDA:793,97,1,0
BRDA:832,98,0,0
BRDA:832,98,1,0
BRDA:840,99,0,0
BRDA:840,99,1,0
BRDA:844,100,0,0
BRDA:844,100,1,0
BRDA:845,101,0,0
BRDA:845,101,1,0
BRDA:848,102,0,0
BRDA:848,102,1,0
BRDA:854,103,0,0
BRDA:854,103,1,0
BRDA:858,104,0,0
BRDA:858,104,1,0
BRDA:860,105,0,0
BRDA:860,105,1,0
BRDA:867,106,0,0
BRDA:867,106,1,0
BRDA:879,107,0,0
BRDA:879,107,1,0
BRDA:884,108,0,0
BRDA:884,108,1,0
BRDA:892,109,0,0
BRDA:892,109,1,0
BRDA:894,110,0,0
BRDA:894,110,1,0
BRDA:897,111,0,0
BRDA:897,111,1,0
BRDA:927,112,0,0
BRDA:927,112,1,0
BRDA:933,113,0,0
BRDA:933,113,1,0
BRDA:946,114,0,0
BRDA:946,114,1,0
BRDA:952,115,0,0
BRDA:952,115,1,0
BRDA:958,116,0,0
BRDA:958,116,1,0
BRDA:965,117,0,0
BRDA:965,117,1,0
BRDA:1016,118,0,0
BRDA:1016,118,1,0
BRDA:1016,119,0,0
BRDA:1016,119,1,0
BRDA:1022,120,0,0
BRDA:1022,120,1,0
BRDA:1070,121,0,0
BRDA:1070,121,1,0
BRDA:1072,122,0,0
BRDA:1072,122,1,0
BRDA:1110,123,0,0
BRDA:1110,123,1,0
BRDA:1118,124,0,0
BRDA:1118,124,1,0
BRDA:1133,125,0,0
BRDA:1133,125,1,0
BRDA:1148,126,0,0
BRDA:1148,126,1,0
BRDA:1166,127,0,0
BRDA:1166,127,1,0
BRDA:1168,128,0,0
BRDA:1168,128,1,0
BRDA:1170,129,0,0
BRDA:1170,129,1,0
BRDA:1178,130,0,0
BRDA:1178,130,1,0
BRDA:1194,131,0,0
BRDA:1194,131,1,0
BRDA:1207,132,0,0
BRDA:1207,132,1,0
BRDA:1207,133,0,0
BRDA:1207,133,1,0
BRDA:1210,134,0,0
BRDA:1210,134,1,0
BRDA:1211,135,0,0
BRDA:1211,135,1,0
BRDA:1215,136,0,0
BRDA:1215,136,1,0
BRDA:1215,137,0,0
BRDA:1215,137,1,0
BRDA:1215,138,0,0
BRDA:1215,138,1,0
BRDA:1216,139,0,0
BRDA:1216,139,1,0
BRDA:1217,140,0,0
BRDA:1217,140,1,0
BRDA:1218,141,0,0
BRDA:1218,141,1,0
BRDA:1227,142,0,0
BRDA:1227,142,1,0
BRDA:1232,143,0,0
BRDA:1232,143,1,0
BRDA:1256,144,0,0
BRDA:1256,144,1,0
BRDA:1258,145,0,0
BRDA:1258,145,1,0
BRDA:1260,146,0,0
BRDA:1260,146,1,0
BRDA:1262,147,0,0
BRDA:1262,147,1,0
BRDA:1278,148,0,0
BRDA:1278,148,1,0
BRF:308
BRH:0
end_of_record
TN:
SF:src/components/app/theme-provider.tsx
FN:6,ThemeProvider
FNF:1
FNH:0
FNDA:0,ThemeProvider
DA:4,0
DA:10,0
LF:2
LH:0
BRF:0
BRH:0
end_of_record
TN:
SF:src/components/app/theme-toggle.tsx
FN:11,ThemeToggle
FN:22,(anonymous_1)
FN:33,(anonymous_2)
FN:46,(anonymous_3)
FNF:4
FNH:0
FNDA:0,ThemeToggle
FNDA:0,(anonymous_1)
FNDA:0,(anonymous_2)
FNDA:0,(anonymous_3)
DA:5,0
DA:12,0
DA:14,0
DA:22,0
DA:33,0
DA:46,0
LF:6
LH:0
BRDA:28,0,0,0
BRDA:28,0,1,0
BRDA:41,1,0,0
BRDA:41,1,1,0
BRDA:54,2,0,0
BRDA:54,2,1,0
BRF:6
BRH:0
end_of_record
TN:
SF:src/components/app/tile-layout.tsx
FN:27,useLocalTrackRef
FN:31,(anonymous_1)
FN:52,TileLayout
FN:72,(anonymous_3)
FN:76,(anonymous_4)
FN:84,(anonymous_5)
FN:90,(anonymous_6)
FN:91,(anonymous_7)
FN:108,(anonymous_8)
FN:118,(anonymous_9)
FN:131,(anonymous_10)
FN:140,(anonymous_11)
FN:415,(anonymous_12)
FN:450,(anonymous_13)
FN:471,(anonymous_14)
FNF:15
FNH:0
FNDA:0,useLocalTrackRef
FNDA:0,(anonymous_1)
FNDA:0,TileLayout
FNDA:0,(anonymous_3)
FNDA:0,(anonymous_4)
FNDA:0,(anonymous_5)
FNDA:0,(anonymous_6)
FNDA:0,(anonymous_7)
FNDA:0,(anonymous_8)
FNDA:0,(anonymous_9)
FNDA:0,(anonymous_10)
FNDA:0,(anonymous_11)
FNDA:0,(anonymous_12)
FNDA:0,(anonymous_13)
FNDA:0,(anonymous_14)
DA:16,0
DA:18,0
DA:28,0
DA:29,0
DA:30,0
DA:31,0
DA:34,0
DA:57,0
DA:62,0
DA:63,0
DA:64,0
DA:65,0
DA:71,0
DA:72,0
DA:74,0
DA:76,0
DA:78,0
DA:79,0
DA:80,0
DA:84,0
DA:85,0
DA:86,0
DA:87,0
DA:90,0
DA:91,0
DA:93,0
DA:99,0
DA:100,0
DA:104,0
DA:105,0
DA:108,0
DA:109,0
DA:111,0
DA:112,0
DA:115,0
DA:118,0
DA:120,0
DA:124,0
DA:125,0
DA:128,0
DA:131,0
DA:132,0
DA:133,0
DA:134,0
DA:136,0
DA:140,0
DA:142,0
DA:143,0
DA:146,0
DA:147,0
DA:148,0
DA:151,0
DA:152,0
DA:318,0
DA:319,0
DA:320,0
DA:322,0
DA:415,0
DA:450,0
DA:471,0
LF:60
LH:0
BRDA:31,0,0,0
BRDA:31,0,1,0
BRDA:53,1,0,0
BRDA:54,2,0,0
BRDA:78,3,0,0
BRDA:78,3,1,0
BRDA:80,4,0,0
BRDA:80,4,1,0
BRDA:84,5,0,0
BRDA:84,5,1,0
BRDA:84,6,0,0
BRDA:84,6,1,0
BRDA:90,7,0,0
BRDA:90,7,1,0
BRDA:91,8,0,0
BRDA:91,8,1,0
BRDA:94,9,0,0
BRDA:94,9,1,0
BRDA:95,10,0,0
BRDA:95,10,1,0
BRDA:95,10,2,0
BRDA:104,11,0,0
BRDA:104,11,1,0
BRDA:105,12,0,0
BRDA:105,12,1,0
BRDA:109,13,0,0
BRDA:109,13,1,0
BRDA:109,13,2,0
BRDA:111,14,0,0
BRDA:111,14,1,0
BRDA:112,15,0,0
BRDA:112,15,1,0
BRDA:132,16,0,0
BRDA:132,16,1,0
BRDA:134,17,0,0
BRDA:134,17,1,0
BRDA:142,18,0,0
BRDA:142,18,1,0
BRDA:142,19,0,0
BRDA:142,19,1,0
BRDA:147,20,0,0
BRDA:147,20,1,0
BRDA:148,21,0,0
BRDA:148,21,1,0
BRDA:151,22,0,0
BRDA:151,22,1,0
BRDA:157,23,0,0
BRDA:157,23,1,0
BRDA:164,24,0,0
BRDA:164,24,1,0
BRDA:167,25,0,0
BRDA:167,25,1,0
BRDA:184,26,0,0
BRDA:184,26,1,0
BRDA:211,27,0,0
BRDA:211,27,1,0
BRDA:214,28,0,0
BRDA:214,28,1,0
BRDA:214,28,2,0
BRDA:226,29,0,0
BRDA:226,29,1,0
BRDA:227,30,0,0
BRDA:227,30,1,0
BRDA:236,31,0,0
BRDA:236,31,1,0
BRDA:236,31,2,0
BRDA:259,32,0,0
BRDA:259,32,1,0
BRDA:267,33,0,0
BRDA:267,33,1,0
BRDA:267,33,2,0
BRDA:279,34,0,0
BRDA:279,34,1,0
BRDA:280,35,0,0
BRDA:280,35,1,0
BRDA:289,36,0,0
BRDA:289,36,1,0
BRDA:289,36,2,0
BRDA:318,37,0,0
BRDA:318,37,1,0
BRDA:319,38,0,0
BRDA:319,38,1,0
BRDA:319,38,2,0
BRDA:320,39,0,0
BRDA:320,39,1,0
BRDA:329,40,0,0
BRDA:329,40,1,0
BRDA:329,40,2,0
BRDA:341,41,0,0
BRDA:341,41,1,0
BRDA:342,42,0,0
BRDA:342,42,1,0
BRDA:352,43,0,0
BRDA:352,43,1,0
BRDA:352,43,2,0
BRDA:362,44,0,0
BRDA:362,44,1,0
BRDA:386,45,0,0
BRDA:386,45,1,0
BRDA:386,45,2,0
BRDA:386,45,3,0
BRDA:398,46,0,0
BRDA:398,46,1,0
BRDA:399,47,0,0
BRDA:399,47,1,0
BRDA:413,48,0,0
BRDA:413,48,1,0
BRDA:418,49,0,0
BRDA:418,49,1,0
BRDA:421,50,0,0
BRDA:421,50,1,0
BRDA:448,51,0,0
BRDA:448,51,1,0
BRDA:448,51,2,0
BRDA:448,51,3,0
BRDA:453,52,0,0
BRDA:453,52,1,0
BRDA:458,53,0,0
BRDA:458,53,1,0
BRDA:459,54,0,0
BRDA:459,54,1,0
BRDA:469,55,0,0
BRDA:469,55,1,0
BRDA:469,55,2,0
BRDA:469,55,3,0
BRDA:474,56,0,0
BRDA:474,56,1,0
BRDA:479,57,0,0
BRDA:479,57,1,0
BRDA:480,58,0,0
BRDA:480,58,1,0
BRDA:490,59,0,0
BRDA:490,59,1,0
BRDA:490,59,2,0
BRDA:490,59,3,0
BRF:135
BRH:0
end_of_record
TN:
SF:src/components/app/view-controller.tsx
FN:37,ViewController
FNF:1
FNH:0
FNDA:0,ViewController
DA:7,0
DA:9,0
DA:10,0
DA:12,0
DA:38,0
DA:40,0
LF:6
LH:0
BRDA:43,0,0,0
BRDA:43,0,1,0
BRDA:52,1,0,0
BRDA:52,1,1,0
BRF:4
BRH:0
end_of_record
TN:
SF:src/components/app/welcome-view.tsx
FN:3,WelcomeImage
FN:18,(anonymous_1)
FNF:2
FNH:0
FNDA:0,WelcomeImage
FNDA:0,(anonymous_1)
DA:4,0
DA:18,0
DA:23,0
LF:3
LH:0
BRF:0
BRH:0
end_of_record
TN:
SF:src/components/avatar/AvatarLoadingFallback.tsx
FN:8,AvatarLoadingFallback
FNF:1
FNH:0
FNDA:0,AvatarLoadingFallback
DA:9,0
LF:1
LH:0
BRF:0
BRH:0
end_of_record
TN:
SF:src/components/avatar/InterviewerAvatar.tsx
FN:11,InterviewerAvatar
FNF:1
FNH:0
FNDA:0,InterviewerAvatar
DA:18,0
LF:1
LH:0
BRDA:29,0,0,0
BRDA:29,0,1,0
BRDA:45,1,0,0
BRDA:45,1,1,0
BRDA:50,2,0,0
BRDA:50,2,1,0
BRDA:52,3,0,0
BRDA:52,3,1,0
BRDA:67,4,0,0
BRDA:67,4,1,0
BRDA:70,5,0,0
BRDA:70,5,1,0
BRF:12
BRH:0
end_of_record
TN:
SF:src/components/avatar/VideoAvatar.tsx
FN:14,VideoAvatar
FN:21,(anonymous_1)
FN:48,(anonymous_2)
FN:66,(anonymous_3)
FNF:4
FNH:0
FNDA:0,VideoAvatar
FNDA:0,(anonymous_1)
FNDA:0,(anonymous_2)
FNDA:0,(anonymous_3)
DA:15,0
DA:16,0
DA:17,0
DA:18,0
DA:19,0
DA:21,0
DA:22,0
DA:23,0
DA:24,0
DA:25,0
DA:29,0
DA:30,0
DA:32,0
DA:34,0
DA:35,0
DA:36,0
DA:38,0
DA:41,0
DA:42,0
DA:43,0
DA:45,0
DA:46,0
DA:48,0
DA:49,0
DA:52,0
DA:53,0
DA:54,0
DA:55,0
DA:57,0
DA:60,0
DA:61,0
DA:64,0
DA:66,0
DA:67,0
DA:68,0
DA:70,0
DA:71,0
DA:77,0
DA:79,0
LF:39
LH:0
BRDA:23,0,0,0
BRDA:23,0,1,0
BRDA:23,1,0,0
BRDA:23,1,1,0
BRDA:23,1,2,0
BRDA:29,2,0,0
BRDA:29,2,1,0
BRDA:30,3,0,0
BRDA:30,3,1,0
BRDA:34,4,0,0
BRDA:34,4,1,0
BRDA:67,5,0,0
BRDA:67,5,1,0
BRDA:70,6,0,0
BRDA:70,6,1,0
BRDA:77,7,0,0
BRDA:77,7,1,0
BRDA:85,8,0,0
BRDA:85,8,1,0
BRDA:89,9,0,0
BRDA:89,9,1,0
BRDA:112,10,0,0
BRDA:112,10,1,0
BRDA:118,11,0,0
BRDA:118,11,1,0
BRF:25
BRH:0
end_of_record
TN:
SF:src/components/interview/CodeEditor.tsx
FN:26,CodeEditor
FN:48,(anonymous_1)
FN:52,(anonymous_2)
FN:69,(anonymous_3)
FN:95,(anonymous_4)
FN:103,(anonymous_5)
FN:112,(anonymous_6)
FN:119,(anonymous_7)
FN:120,(anonymous_8)
FN:127,(anonymous_9)
FN:143,(anonymous_10)
FN:191,(anonymous_11)
FN:195,(anonymous_12)
FN:236,(anonymous_13)
FN:237,(anonymous_14)
FN:238,(anonymous_15)
FN:239,(anonymous_16)
FNF:17
FNH:0
FNDA:0,CodeEditor
FNDA:0,(anonymous_1)
FNDA:0,(anonymous_2)
FNDA:0,(anonymous_3)
FNDA:0,(anonymous_4)
FNDA:0,(anonymous_5)
FNDA:0,(anonymous_6)
FNDA:0,(anonymous_7)
FNDA:0,(anonymous_8)
FNDA:0,(anonymous_9)
FNDA:0,(anonymous_10)
FNDA:0,(anonymous_11)
FNDA:0,(anonymous_12)
FNDA:0,(anonymous_13)
FNDA:0,(anonymous_14)
FNDA:0,(anonymous_15)
FNDA:0,(anonymous_16)
DA:18,0
DA:34,0
DA:35,0
DA:36,0
DA:37,0
DA:38,0
DA:39,0
DA:40,0
DA:41,0
DA:42,0
DA:45,0
DA:46,0
DA:48,0
DA:49,0
DA:52,0
DA:53,0
DA:54,0
DA:60,0
DA:61,0
DA:62,0
DA:66,0
DA:69,0
DA:70,0
DA:71,0
DA:74,0
DA:75,0
DA:76,0
DA:77,0
DA:79,0
DA:80,0
DA:88,0
DA:89,0
DA:90,0
DA:95,0
DA:96,0
DA:97,0
DA:99,0
DA:103,0
DA:104,0
DA:105,0
DA:107,0
DA:108,0
DA:111,0
DA:112,0
DA:113,0
DA:119,0
DA:120,0
DA:121,0
DA:122,0
DA:127,0
DA:128,0
DA:129,0
DA:130,0
DA:131,0
DA:132,0
DA:137,0
DA:139,0
DA:143,0
DA:144,0
DA:145,0
DA:146,0
DA:148,0
DA:149,0
DA:152,0
DA:154,0
DA:156,0
DA:167,0
DA:168,0
DA:169,0
DA:170,0
DA:176,0
DA:178,0
DA:182,0
DA:191,0
DA:196,0
DA:236,0
DA:237,0
DA:238,0
DA:239,0
LF:79
LH:0
BRDA:27,0,0,0
BRDA:28,1,0,0
BRDA:54,2,0,0
BRDA:54,2,1,0
BRDA:60,3,0,0
BRDA:60,3,1,0
BRDA:60,4,0,0
BRDA:60,4,1,0
BRDA:60,4,2,0
BRDA:60,4,3,0
BRDA:74,5,0,0
BRDA:74,5,1,0
BRDA:74,6,0,0
BRDA:74,6,1,0
BRDA:75,7,0,0
BRDA:75,7,1,0
BRDA:76,8,0,0
BRDA:76,8,1,0
BRDA:77,9,0,0
BRDA:77,9,1,0
BRDA:104,10,0,0
BRDA:104,10,1,0
BRDA:107,11,0,0
BRDA:107,11,1,0
BRDA:111,12,0,0
BRDA:111,12,1,0
BRDA:111,13,0,0
BRDA:111,13,1,0
BRDA:121,14,0,0
BRDA:121,14,1,0
BRDA:133,15,0,0
BRDA:133,15,1,0
BRDA:133,16,0,0
BRDA:133,16,1,0
BRDA:137,17,0,0
BRDA:137,17,1,0
BRDA:144,18,0,0
BRDA:144,18,1,0
BRDA:148,19,0,0
BRDA:148,19,1,0
BRDA:163,20,0,0
BRDA:163,20,1,0
BRDA:167,21,0,0
BRDA:167,21,1,0
BRDA:205,22,0,0
BRDA:205,22,1,0
BRDA:214,23,0,0
BRDA:214,23,1,0
BRDA:214,23,2,0
BRDA:224,24,0,0
BRDA:224,24,1,0
BRDA:224,24,2,0
BRDA:228,25,0,0
BRDA:228,25,1,0
BRDA:243,26,0,0
BRDA:243,26,1,0
BRDA:276,27,0,0
BRDA:276,27,1,0
BRDA:284,28,0,0
BRDA:284,28,1,0
BRDA:293,29,0,0
BRDA:293,29,1,0
BRF:62
BRH:0
end_of_record
TN:
SF:src/components/interview/VideoMonitor.tsx
FN:19,VideoMonitor
FN:32,(anonymous_1)
FN:41,(anonymous_2)
FN:42,(anonymous_3)
FN:67,(anonymous_4)
FN:77,(anonymous_5)
FN:101,(anonymous_6)
FN:102,(anonymous_7)
FN:114,(anonymous_8)
FN:122,(anonymous_9)
FN:124,(anonymous_10)
FN:129,(anonymous_11)
FN:132,(anonymous_12)
FN:138,(anonymous_13)
FN:150,(anonymous_14)
FN:154,(anonymous_15)
FN:155,(anonymous_16)
FN:175,(anonymous_17)
FN:197,(anonymous_18)
FN:199,(anonymous_19)
FN:204,(anonymous_20)
FN:207,(anonymous_21)
FN:219,(anonymous_22)
FN:227,(anonymous_23)
FN:231,(anonymous_24)
FNF:25
FNH:0
FNDA:0,VideoMonitor
FNDA:0,(anonymous_1)
FNDA:0,(anonymous_2)
FNDA:0,(anonymous_3)
FNDA:0,(anonymous_4)
FNDA:0,(anonymous_5)
FNDA:0,(anonymous_6)
FNDA:0,(anonymous_7)
FNDA:0,(anonymous_8)
FNDA:0,(anonymous_9)
FNDA:0,(anonymous_10)
FNDA:0,(anonymous_11)
FNDA:0,(anonymous_12)
FNDA:0,(anonymous_13)
FNDA:0,(anonymous_14)
FNDA:0,(anonymous_15)
FNDA:0,(anonymous_16)
FNDA:0,(anonymous_17)
FNDA:0,(anonymous_18)
FNDA:0,(anonymous_19)
FNDA:0,(anonymous_20)
FNDA:0,(anonymous_21)
FNDA:0,(anonymous_22)
FNDA:0,(anonymous_23)
FNDA:0,(anonymous_24)
DA:20,0
DA:21,0
DA:22,0
DA:24,0
DA:32,0
DA:33,0
DA:37,0
DA:38,0
DA:39,0
DA:41,0
DA:42,0
DA:43,0
DA:44,0
DA:45,0
DA:46,0
DA:48,0
DA:57,0
DA:58,0
DA:59,0
DA:60,0
DA:61,0
DA:62,0
DA:65,0
DA:67,0
DA:68,0
DA:69,0
DA:70,0
DA:71,0
DA:72,0
DA:73,0
DA:77,0
DA:79,0
DA:92,0
DA:93,0
DA:96,0
DA:97,0
DA:98,0
DA:101,0
DA:102,0
DA:103,0
DA:104,0
DA:106,0
DA:107,0
DA:108,0
DA:109,0
DA:110,0
DA:111,0
DA:114,0
DA:122,0
DA:123,0
DA:124,0
DA:129,0
DA:132,0
DA:133,0
DA:134,0
DA:135,0
DA:136,0
DA:137,0
DA:138,0
DA:141,0
DA:145,0
DA:146,0
DA:149,0
DA:150,0
DA:154,0
DA:155,0
DA:156,0
DA:157,0
DA:158,0
DA:163,0
DA:164,0
DA:165,0
DA:167,0
DA:171,0
DA:172,0
DA:173,0
DA:174,0
DA:175,0
DA:176,0
DA:179,0
DA:180,0
DA:184,0
DA:185,0
DA:186,0
DA:187,0
DA:188,0
DA:191,0
DA:192,0
DA:196,0
DA:197,0
DA:199,0
DA:204,0
DA:207,0
DA:208,0
DA:209,0
DA:211,0
DA:212,0
DA:213,0
DA:214,0
DA:215,0
DA:219,0
DA:220,0
DA:221,0
DA:222,0
DA:227,0
DA:228,0
DA:229,0
DA:230,0
DA:231,0
DA:232,0
DA:237,0
LF:111
LH:0
BRDA:45,0,0,0
BRDA:45,0,1,0
BRDA:77,1,0,0
BRDA:77,1,1,0
BRDA:108,2,0,0
BRDA:108,2,1,0
BRDA:134,3,0,0
BRDA:134,3,1,0
BRDA:134,4,0,0
BRDA:134,4,1,0
BRDA:134,4,2,0
BRDA:137,5,0,0
BRDA:137,5,1,0
BRDA:145,6,0,0
BRDA:145,6,1,0
BRDA:163,7,0,0
BRDA:163,7,1,0
BRDA:171,8,0,0
BRDA:171,8,1,0
BRDA:171,9,0,0
BRDA:171,9,1,0
BRDA:172,10,0,0
BRDA:172,10,1,0
BRDA:173,11,0,0
BRDA:173,11,1,0
BRDA:184,12,0,0
BRDA:184,12,1,0
BRDA:185,13,0,0
BRDA:185,13,1,0
BRDA:186,14,0,0
BRDA:186,14,1,0
BRDA:196,15,0,0
BRDA:196,15,1,0
BRDA:212,16,0,0
BRDA:212,16,1,0
BRDA:220,17,0,0
BRDA:220,17,1,0
BRDA:229,18,0,0
BRDA:229,18,1,0
BRDA:229,19,0,0
BRDA:229,19,1,0
BRF:41
BRH:0
end_of_record
TN:
SF:src/components/interview/WarningBanner.tsx
FN:9,WarningBanner
FNF:1
FNH:0
FNDA:0,WarningBanner
DA:11,0
DA:13,0
LF:2
LH:0
BRDA:27,0,0,0
BRDA:27,0,1,0
BRDA:36,1,0,0
BRDA:36,1,1,0
BRDA:36,1,2,0
BRF:5
BRH:0
end_of_record
TN:
SF:src/components/livekit/alert-toast.tsx
FN:14,toastAlert
FN:16,(anonymous_1)
FN:21,AlertToast
FN:26,(anonymous_3)
FNF:4
FNH:0
FNDA:0,toastAlert
FNDA:0,(anonymous_1)
FNDA:0,AlertToast
FNDA:0,(anonymous_3)
DA:6,0
DA:15,0
DA:16,0
DA:22,0
DA:24,0
DA:26,0
LF:6
LH:0
BRDA:32,0,0,0
BRDA:32,0,1,0
BRF:2
BRH:0
end_of_record
TN:
SF:src/components/livekit/alert.tsx
FN:26,Alert
FN:41,AlertTitle
FN:51,AlertDescription
FNF:3
FNH:0
FNDA:0,Alert
FNDA:0,AlertTitle
FNDA:0,AlertDescription
DA:5,0
DA:31,0
DA:42,0
DA:52,0
LF:4
LH:0
BRF:0
BRH:0
end_of_record
TN:
SF:src/components/livekit/button.tsx
FN:48,Button
FNF:1
FNH:1
FNDA:24,Button
DA:6,1
DA:58,24
DA:60,24
LF:3
LH:3
BRDA:52,0,0,24
BRDA:58,1,0,0
BRDA:58,1,1,24
BRF:3
BRH:2
end_of_record
TN:
SF:src/components/livekit/chat-entry.tsx
FN:23,(anonymous_0)
FNF:1
FNH:0
FNDA:0,(anonymous_0)
DA:23,0
DA:35,0
DA:36,0
DA:39,0
DA:43,0
LF:5
LH:0
BRDA:29,0,0,0
BRDA:30,1,0,0
BRDA:39,2,0,0
BRDA:39,2,1,0
BRDA:39,3,0,0
BRDA:39,3,1,0
BRDA:39,3,2,0
BRDA:53,4,0,0
BRDA:53,4,1,0
BRDA:56,5,0,0
BRDA:56,5,1,0
BRDA:58,6,0,0
BRDA:58,6,1,0
BRDA:65,7,0,0
BRDA:65,7,1,0
BRDA:69,8,0,0
BRDA:69,8,1,0
BRDA:69,8,2,0
BRDA:69,8,3,0
BRF:19
BRH:0
end_of_record
TN:
SF:src/components/livekit/select.tsx
FN:8,Select
FN:12,SelectGroup
FN:16,SelectValue
FN:20,SelectTrigger
FN:58,SelectContent
FN:103,SelectLabel
FN:113,SelectItem
FN:144,SelectSeparator
FN:157,SelectScrollUpButton
FN:172,SelectScrollDownButton
FNF:10
FNH:0
FNDA:0,Select
FNDA:0,SelectGroup
FNDA:0,SelectValue
FNDA:0,SelectTrigger
FNDA:0,SelectContent
FNDA:0,SelectLabel
FNDA:0,SelectItem
FNDA:0,SelectSeparator
FNDA:0,SelectScrollUpButton
FNDA:0,SelectScrollDownButton
DA:6,0
DA:9,0
DA:13,0
DA:17,0
DA:28,0
DA:64,0
DA:104,0
DA:118,0
DA:148,0
DA:161,0
DA:176,0
LF:11
LH:0
BRDA:22,0,0,0
BRDA:61,1,0,0
BRDA:80,2,0,0
BRDA:80,2,1,0
BRDA:91,3,0,0
BRDA:91,3,1,0
BRF:6
BRH:0
end_of_record
TN:
SF:src/components/livekit/shimmer-text.tsx
FN:9,ShimmerText
FNF:1
FNH:0
FNDA:0,ShimmerText
DA:14,0
LF:1
LH:0
BRF:0
BRH:0
end_of_record
TN:
SF:src/components/livekit/toaster.tsx
FN:7,Toaster
FNF:1
FNH:0
FNDA:0,Toaster
DA:5,0
DA:8,0
DA:10,0
LF:3
LH:0
BRDA:8,0,0,0
BRF:1
BRH:0
end_of_record
TN:
SF:src/components/livekit/toggle.tsx
FN:45,Toggle
FNF:1
FNH:0
FNDA:0,Toggle
DA:6,0
DA:8,0
DA:51,0
LF:3
LH:0
BRF:0
BRH:0
end_of_record
TN:
SF:src/components/livekit/agent-control-bar/agent-control-bar.tsx
FN:42,AgentControlBar
FN:60,(anonymous_1)
FN:235,(anonymous_2)
FN:252,(anonymous_3)
FN:325,(anonymous_4)
FN:347,(anonymous_5)
FN:369,(anonymous_6)
FN:388,(anonymous_7)
FNF:8
FNH:0
FNDA:0,AgentControlBar
FNDA:0,(anonymous_1)
FNDA:0,(anonymous_2)
FNDA:0,(anonymous_3)
FNDA:0,(anonymous_4)
FNDA:0,(anonymous_5)
FNDA:0,(anonymous_6)
FNDA:0,(anonymous_7)
DA:18,0
DA:57,0
DA:60,0
DA:61,0
DA:68,0
DA:69,0
DA:70,0
DA:74,0
DA:75,0
DA:76,0
DA:80,0
DA:82,0
DA:87,0
DA:92,0
DA:95,0
DA:96,0
DA:98,0
DA:100,0
DA:101,0
DA:119,0
DA:121,0
DA:122,0
DA:150,0
DA:152,0
DA:153,0
DA:168,0
DA:170,0
DA:171,0
DA:188,0
DA:189,0
DA:215,0
DA:220,0
DA:232,0
DA:235,0
DA:236,0
DA:237,0
DA:238,0
DA:239,0
DA:241,0
DA:242,0
DA:252,0
DA:253,0
DA:285,0
DA:296,0
DA:326,0
DA:327,0
DA:328,0
DA:330,0
DA:348,0
DA:349,0
DA:350,0
DA:352,0
DA:370,0
DA:371,0
DA:372,0
DA:374,0
DA:389,0
DA:390,0
DA:391,0
DA:393,0
LF:60
LH:0
BRDA:44,0,0,0
BRDA:46,1,0,0
BRDA:51,2,0,0
BRDA:68,3,0,0
BRDA:68,3,1,0
BRDA:69,4,0,0
BRDA:69,4,1,0
BRDA:70,5,0,0
BRDA:70,5,1,0
BRDA:71,6,0,0
BRDA:71,6,1,0
BRDA:72,7,0,0
BRDA:72,7,1,0
BRDA:76,8,0,0
BRDA:76,8,1,0
BRDA:80,9,0,0
BRDA:80,9,1,0
BRDA:82,10,0,0
BRDA:82,10,1,0
BRDA:82,10,2,0
BRDA:82,10,3,0
BRDA:82,10,4,0
BRDA:87,11,0,0
BRDA:87,11,1,0
BRDA:87,11,2,0
BRDA:87,11,3,0
BRDA:87,11,4,0
BRDA:92,12,0,0
BRDA:92,12,1,0
BRDA:98,13,0,0
BRDA:98,13,1,0
BRDA:98,14,0,0
BRDA:98,14,1,0
BRDA:98,14,2,0
BRDA:119,15,0,0
BRDA:119,15,1,0
BRDA:130,16,0,0
BRDA:130,16,1,0
BRDA:138,17,0,0
BRDA:138,17,1,0
BRDA:150,18,0,0
BRDA:150,18,1,0
BRDA:168,19,0,0
BRDA:168,19,1,0
BRDA:200,20,0,0
BRDA:200,20,1,0
BRDA:200,20,2,0
BRDA:204,21,0,0
BRDA:204,21,1,0
BRDA:238,22,0,0
BRDA:238,22,1,0
BRDA:239,23,0,0
BRDA:239,23,1,0
BRDA:241,24,0,0
BRDA:241,24,1,0
BRDA:241,25,0,0
BRDA:241,25,1,0
BRDA:241,25,2,0
BRDA:262,26,0,0
BRDA:262,26,1,0
BRDA:286,27,0,0
BRDA:286,27,1,0
BRDA:287,28,0,0
BRDA:287,28,1,0
BRDA:288,29,0,0
BRDA:288,29,1,0
BRDA:289,30,0,0
BRDA:289,30,1,0
BRDA:290,31,0,0
BRDA:290,31,1,0
BRDA:291,32,0,0
BRDA:291,32,1,0
BRDA:317,33,0,0
BRDA:317,33,1,0
BRDA:323,34,0,0
BRDA:323,34,1,0
BRDA:327,35,0,0
BRDA:327,35,1,0
BRDA:327,36,0,0
BRDA:327,36,1,0
BRDA:339,37,0,0
BRDA:339,37,1,0
BRDA:346,38,0,0
BRDA:346,38,1,0
BRDA:349,39,0,0
BRDA:349,39,1,0
BRDA:349,40,0,0
BRDA:349,40,1,0
BRDA:361,41,0,0
BRDA:361,41,1,0
BRDA:368,42,0,0
BRDA:368,42,1,0
BRDA:371,43,0,0
BRDA:371,43,1,0
BRDA:371,44,0,0
BRDA:371,44,1,0
BRDA:381,45,0,0
BRDA:381,45,1,0
BRDA:390,46,0,0
BRDA:390,46,1,0
BRDA:414,47,0,0
BRDA:414,47,1,0
BRF:102
BRH:0
end_of_record
TN:
SF:src/components/livekit/agent-control-bar/track-device-select.tsx
FN:41,TrackDeviceSelect
FN:62,(anonymous_1)
FN:68,(anonymous_2)
FN:74,(anonymous_3)
FN:79,(anonymous_4)
FN:79,(anonymous_5)
FN:98,(anonymous_6)
FNF:7
FNH:0
FNDA:0,TrackDeviceSelect
FNDA:0,(anonymous_1)
FNDA:0,(anonymous_2)
FNDA:0,(anonymous_3)
FNDA:0,(anonymous_4)
FNDA:0,(anonymous_5)
FNDA:0,(anonymous_6)
DA:14,0
DA:26,0
DA:51,0
DA:52,0
DA:53,0
DA:54,0
DA:62,0
DA:63,0
DA:68,0
DA:69,0
DA:70,0
DA:74,0
DA:75,0
DA:76,0
DA:79,0
DA:81,0
DA:82,0
DA:85,0
DA:99,0
LF:19
LH:0
BRDA:44,0,0,0
BRDA:45,1,0,0
BRDA:69,2,0,0
BRDA:69,2,1,0
BRDA:81,3,0,0
BRDA:81,3,1,0
BRDA:93,4,0,0
BRDA:93,4,1,0
BRF:8
BRH:0
end_of_record
TN:
SF:src/components/livekit/agent-control-bar/track-selector.tsx
FN:25,TrackSelector
FNF:1
FNH:0
FNDA:0,TrackSelector
DA:10,0
DA:37,0
LF:2
LH:0
BRDA:49,0,0,0
BRDA:49,0,1,0
BRF:2
BRH:0
end_of_record
TN:
SF:src/components/livekit/agent-control-bar/track-toggle.tsx
FN:18,getSourceIcon
FN:40,TrackToggle
FN:43,(anonymous_2)
FNF:3
FNH:0
FNDA:0,getSourceIcon
FNDA:0,TrackToggle
FNDA:0,(anonymous_2)
DA:16,0
DA:19,0
DA:20,0
DA:23,0
DA:25,0
DA:27,0
DA:29,0
DA:31,0
DA:41,0
DA:43,0
DA:44,0
DA:50,0
DA:53,0
LF:13
LH:0
BRDA:18,0,0,0
BRDA:19,1,0,0
BRDA:19,1,1,0
BRDA:23,2,0,0
BRDA:23,2,1,0
BRDA:23,2,2,0
BRDA:23,2,3,0
BRDA:25,3,0,0
BRDA:25,3,1,0
BRDA:27,4,0,0
BRDA:27,4,1,0
BRDA:41,5,0,0
BRDA:41,5,1,0
BRDA:61,6,0,0
BRDA:61,6,1,0
BRF:15
BRH:0
end_of_record
TN:
SF:src/components/livekit/agent-control-bar/hooks/use-input-controls.ts
FN:29,useInputControls
FN:37,(anonymous_1)
FN:49,(anonymous_2)
FN:57,(anonymous_3)
FN:65,(anonymous_4)
FN:71,(anonymous_5)
FN:87,(anonymous_6)
FN:94,(anonymous_7)
FN:101,(anonymous_8)
FN:120,(anonymous_9)
FN:136,(anonymous_10)
FN:152,(anonymous_11)
FN:157,(anonymous_12)
FNF:13
FNH:0
FNDA:0,useInputControls
FNDA:0,(anonymous_1)
FNDA:0,(anonymous_2)
FNDA:0,(anonymous_3)
FNDA:0,(anonymous_4)
FNDA:0,(anonymous_5)
FNDA:0,(anonymous_6)
FNDA:0,(anonymous_7)
FNDA:0,(anonymous_8)
FNDA:0,(anonymous_9)
FNDA:0,(anonymous_10)
FNDA:0,(anonymous_11)
FNDA:0,(anonymous_12)
DA:33,0
DA:34,0
DA:37,0
DA:38,0
DA:47,0
DA:50,0
DA:51,0
DA:55,0
DA:58,0
DA:59,0
DA:63,0
DA:66,0
DA:67,0
DA:71,0
DA:72,0
DA:84,0
DA:86,0
DA:88,0
DA:93,0
DA:95,0
DA:100,0
DA:102,0
DA:103,0
DA:104,0
DA:105,0
DA:107,0
DA:108,0
DA:110,0
DA:112,0
DA:113,0
DA:119,0
DA:121,0
DA:122,0
DA:123,0
DA:124,0
DA:126,0
DA:128,0
DA:129,0
DA:135,0
DA:137,0
DA:138,0
DA:139,0
DA:140,0
DA:142,0
DA:143,0
DA:145,0
DA:146,0
DA:151,0
DA:152,0
DA:156,0
DA:157,0
DA:161,0
LF:52
LH:0
BRDA:29,0,0,0
BRDA:30,1,0,0
BRDA:88,2,0,0
BRDA:88,2,1,0
BRDA:95,3,0,0
BRDA:95,3,1,0
BRDA:104,4,0,0
BRDA:104,4,1,0
BRDA:139,5,0,0
BRDA:139,5,1,0
BRF:10
BRH:0
end_of_record
TN:
SF:src/components/livekit/agent-control-bar/hooks/use-publish-permissions.ts
FN:4,(anonymous_0)
FN:25,usePublishPermissions
FN:28,(anonymous_2)
FNF:3
FNH:0
FNDA:0,(anonymous_0)
FNDA:0,usePublishPermissions
FNDA:0,(anonymous_2)
DA:4,0
DA:6,0
DA:8,0
DA:10,0
DA:12,0
DA:14,0
DA:26,0
DA:28,0
DA:29,0
DA:36,0
LF:10
LH:0
BRDA:6,0,0,0
BRDA:6,0,1,0
BRDA:6,0,2,0
BRDA:6,0,3,0
BRDA:30,1,0,0
BRDA:30,1,1,0
BRDA:30,1,2,0
BRDA:40,2,0,0
BRDA:40,2,1,0
BRF:9
BRH:0
end_of_record
TN:
SF:src/components/livekit/scroll-area/scroll-area.tsx
FN:12,ScrollArea2
FN:21,(anonymous_1)
FNF:2
FNH:0
FNDA:0,ScrollArea2
FNDA:0,(anonymous_1)
DA:5,0
DA:12,0
DA:16,0
DA:18,0
DA:20,0
DA:22,0
DA:24,0
DA:25,0
DA:26,0
DA:27,0
DA:33,0
LF:11
LH:0
BRDA:24,0,0,0
BRDA:24,0,1,0
BRDA:26,1,0,0
BRDA:26,1,1,0
BRF:4
BRH:0
end_of_record
TN:
SF:src/components/livekit/scroll-area/hooks/useAutoScroll.ts
FN:5,useAutoScroll
FN:6,(anonymous_1)
FN:7,scrollToBottom
FN:26,(anonymous_3)
FNF:4
FNH:0
FNDA:0,useAutoScroll
FNDA:0,(anonymous_1)
FNDA:0,scrollToBottom
FNDA:0,(anonymous_3)
DA:3,0
DA:6,0
DA:8,0
DA:11,0
DA:15,0
DA:16,0
DA:20,0
DA:21,0
DA:23,0
DA:24,0
DA:26,0
LF:11
LH:0
BRDA:8,0,0,0
BRDA:8,0,1,0
BRDA:15,1,0,0
BRDA:15,1,1,0
BRDA:20,2,0,0
BRDA:20,2,1,0
BRDA:20,3,0,0
BRDA:20,3,1,0
BRF:8
BRH:0
end_of_record
TN:
SF:src/components/pre-interview/PreInterviewChecks.tsx
FN:34,(anonymous_0)
FN:35,(anonymous_1)
FN:79,PreInterviewChecks
FN:97,(anonymous_3)
FN:120,(anonymous_4)
FN:141,(anonymous_5)
FN:144,(anonymous_6)
FN:159,(anonymous_7)
FN:167,(anonymous_8)
FN:176,(anonymous_9)
FN:196,(anonymous_10)
FN:214,(anonymous_11)
FN:219,(anonymous_12)
FN:225,(anonymous_13)
FN:226,(anonymous_14)
FN:245,(anonymous_15)
FN:252,(anonymous_16)
FN:404,(anonymous_17)
FN:410,(anonymous_18)
FNF:19
FNH:0
FNDA:0,(anonymous_0)
FNDA:0,(anonymous_1)
FNDA:0,PreInterviewChecks
FNDA:0,(anonymous_3)
FNDA:0,(anonymous_4)
FNDA:0,(anonymous_5)
FNDA:0,(anonymous_6)
FNDA:0,(anonymous_7)
FNDA:0,(anonymous_8)
FNDA:0,(anonymous_9)
FNDA:0,(anonymous_10)
FNDA:0,(anonymous_11)
FNDA:0,(anonymous_12)
FNDA:0,(anonymous_13)
FNDA:0,(anonymous_14)
FNDA:0,(anonymous_15)
FNDA:0,(anonymous_16)
FNDA:0,(anonymous_17)
FNDA:0,(anonymous_18)
DA:21,0
DA:34,0
DA:35,0
DA:36,0
DA:38,0
DA:40,0
DA:42,0
DA:44,0
DA:46,0
DA:50,0
DA:80,0
DA:81,0
DA:82,0
DA:83,0
DA:84,0
DA:86,0
DA:87,0
DA:88,0
DA:89,0
DA:91,0
DA:92,0
DA:93,0
DA:94,0
DA:97,0
DA:98,0
DA:100,0
DA:101,0
DA:102,0
DA:103,0
DA:106,0
DA:107,0
DA:108,0
DA:109,0
DA:110,0
DA:112,0
DA:114,0
DA:115,0
DA:120,0
DA:121,0
DA:123,0
DA:124,0
DA:125,0
DA:128,0
DA:129,0
DA:131,0
DA:132,0
DA:133,0
DA:134,0
DA:135,0
DA:137,0
DA:138,0
DA:140,0
DA:141,0
DA:142,0
DA:143,0
DA:144,0
DA:145,0
DA:146,0
DA:147,0
DA:149,0
DA:151,0
DA:152,0
DA:157,0
DA:159,0
DA:160,0
DA:161,0
DA:162,0
DA:164,0
DA:165,0
DA:166,0
DA:167,0
DA:168,0
DA:170,0
DA:171,0
DA:176,0
DA:177,0
DA:178,0
DA:179,0
DA:180,0
DA:181,0
DA:182,0
DA:183,0
DA:184,0
DA:185,0
DA:187,0
DA:188,0
DA:189,0
DA:191,0
DA:196,0
DA:197,0
DA:198,0
DA:199,0
DA:200,0
DA:202,0
DA:203,0
DA:205,0
DA:206,0
DA:207,0
DA:208,0
DA:210,0
DA:211,0
DA:214,0
DA:215,0
DA:219,0
DA:220,0
DA:221,0
DA:222,0
DA:223,0
DA:225,0
DA:226,0
DA:227,0
DA:232,0
DA:238,0
DA:245,0
DA:252,0
DA:404,0
DA:410,0
LF:117
LH:0
BRDA:36,0,0,0
BRDA:36,0,1,0
BRDA:36,0,2,0
BRDA:36,0,3,0
BRDA:36,0,4,0
BRDA:55,1,0,0
BRDA:55,1,1,0
BRDA:56,2,0,0
BRDA:56,2,1,0
BRDA:63,3,0,0
BRDA:63,3,1,0
BRDA:67,4,0,0
BRDA:67,4,1,0
BRDA:79,5,0,0
BRDA:100,6,0,0
BRDA:100,6,1,0
BRDA:100,7,0,0
BRDA:100,7,1,0
BRDA:109,8,0,0
BRDA:109,8,1,0
BRDA:123,9,0,0
BRDA:123,9,1,0
BRDA:123,10,0,0
BRDA:123,10,1,0
BRDA:131,11,0,0
BRDA:131,11,1,0
BRDA:142,12,0,0
BRDA:142,12,1,0
BRDA:146,13,0,0
BRDA:146,13,1,0
BRDA:157,14,0,0
BRDA:157,14,1,0
BRDA:160,15,0,0
BRDA:160,15,1,0
BRDA:188,16,0,0
BRDA:188,16,1,0
BRDA:198,17,0,0
BRDA:198,17,1,0
BRDA:215,18,0,0
BRDA:215,18,1,0
BRDA:222,19,0,0
BRDA:222,19,1,0
BRDA:226,20,0,0
BRDA:226,20,1,0
BRDA:227,21,0,0
BRDA:227,21,1,0
BRDA:232,22,0,0
BRDA:232,22,1,0
BRDA:232,22,2,0
BRDA:232,22,3,0
BRDA:232,22,4,0
BRDA:272,23,0,0
BRDA:272,23,1,0
BRDA:316,24,0,0
BRDA:316,24,1,0
BRDA:323,25,0,0
BRDA:323,25,1,0
BRDA:329,26,0,0
BRDA:329,26,1,0
BRDA:330,27,0,0
BRDA:330,27,1,0
BRDA:338,28,0,0
BRDA:338,28,1,0
BRDA:343,29,0,0
BRDA:343,29,1,0
BRDA:344,30,0,0
BRDA:344,30,1,0
BRDA:344,31,0,0
BRDA:344,31,1,0
BRDA:344,31,2,0
BRDA:344,31,3,0
BRDA:354,32,0,0
BRDA:354,32,1,0
BRDA:354,32,2,0
BRDA:362,33,0,0
BRDA:362,33,1,0
BRDA:363,34,0,0
BRDA:363,34,1,0
BRDA:363,35,0,0
BRDA:363,35,1,0
BRDA:374,36,0,0
BRDA:374,36,1,0
BRDA:383,37,0,0
BRDA:383,37,1,0
BRDA:395,38,0,0
BRDA:395,38,1,0
BRDA:427,39,0,0
BRDA:427,39,1,0
BRDA:433,40,0,0
BRDA:433,40,1,0
BRDA:436,41,0,0
BRDA:436,41,1,0
BRDA:441,42,0,0
BRDA:441,42,1,0
BRDA:441,42,2,0
BRDA:441,42,3,0
BRDA:454,43,0,0
BRDA:454,43,1,0
BRDA:454,43,2,0
BRDA:457,44,0,0
BRDA:457,44,1,0
BRDA:458,45,0,0
BRDA:458,45,1,0
BRDA:459,46,0,0
BRDA:459,46,1,0
BRF:105
BRH:0
end_of_record
TN:
SF:src/components/pre-interview/SettingsPanel.tsx
FN:37,SettingsPanel
FN:42,(anonymous_1)
FN:47,load
FN:53,(anonymous_3)
FN:84,(anonymous_4)
FN:91,(anonymous_5)
FN:92,(anonymous_6)
FN:93,(anonymous_7)
FN:107,(anonymous_8)
FN:190,Section
FN:207,(anonymous_10)
FN:207,(anonymous_11)
FN:221,(anonymous_12)
FNF:13
FNH:0
FNDA:0,SettingsPanel
FNDA:0,(anonymous_1)
FNDA:0,load
FNDA:0,(anonymous_3)
FNDA:0,(anonymous_4)
FNDA:0,(anonymous_5)
FNDA:0,(anonymous_6)
FNDA:0,(anonymous_7)
FNDA:0,(anonymous_8)
FNDA:0,Section
FNDA:0,(anonymous_10)
FNDA:0,(anonymous_11)
FNDA:0,(anonymous_12)
DA:14,0
DA:38,0
DA:39,0
DA:40,0
DA:42,0
DA:43,0
DA:45,0
DA:48,0
DA:49,0
DA:51,0
DA:52,0
DA:53,0
DA:59,0
DA:63,0
DA:64,0
DA:65,0
DA:66,0
DA:74,0
DA:77,0
DA:79,0
DA:83,0
DA:84,0
DA:85,0
DA:89,0
DA:91,0
DA:92,0
DA:93,0
DA:95,0
DA:107,0
DA:201,0
DA:202,0
DA:207,0
DA:222,0
LF:33
LH:0
BRDA:43,0,0,0
BRDA:43,0,1,0
BRDA:51,1,0,0
BRDA:51,1,1,0
BRDA:55,2,0,0
BRDA:55,2,1,0
BRDA:59,3,0,0
BRDA:59,3,1,0
BRDA:64,4,0,0
BRDA:64,4,1,0
BRDA:77,5,0,0
BRDA:77,5,1,0
BRDA:79,6,0,0
BRDA:79,6,1,0
BRDA:89,7,0,0
BRDA:89,7,1,0
BRDA:121,8,0,0
BRDA:121,8,1,0
BRDA:152,9,0,0
BRDA:152,9,1,0
BRDA:154,10,0,0
BRDA:154,10,1,0
BRDA:157,11,0,0
BRDA:157,11,1,0
BRDA:160,12,0,0
BRDA:160,12,1,0
BRDA:163,13,0,0
BRDA:163,13,1,0
BRDA:164,14,0,0
BRDA:164,14,1,0
BRDA:166,15,0,0
BRDA:166,15,1,0
BRDA:166,15,2,0
BRDA:214,16,0,0
BRDA:214,16,1,0
BRDA:216,17,0,0
BRDA:216,17,1,0
BRDA:218,18,0,0
BRDA:218,18,1,0
BRF:39
BRH:0
end_of_record
TN:
SF:src/contexts/AuthContext.tsx
FN:32,AuthProvider
FN:36,(anonymous_1)
FN:47,(anonymous_2)
FN:52,(anonymous_3)
FN:57,(anonymous_4)
FN:63,(anonymous_5)
FN:82,useAuth
FNF:7
FNH:5
FNDA:20,AuthProvider
FNDA:8,(anonymous_1)
FNDA:0,(anonymous_2)
FNDA:8,(anonymous_3)
FNDA:4,(anonymous_4)
FNDA:0,(anonymous_5)
FNDA:43,useAuth
DA:30,3
DA:33,20
DA:34,20
DA:36,20
DA:38,8
DA:39,8
DA:41,8
DA:42,4
DA:44,8
DA:47,8
DA:48,0
DA:51,8
DA:52,8
DA:53,8
DA:57,20
DA:58,4
DA:59,4
DA:60,4
DA:63,20
DA:64,0
DA:65,0
DA:68,20
DA:79,20
DA:83,43
DA:84,43
DA:85,0
DA:87,43
LF:27
LH:23
BRDA:41,0,0,4
BRDA:41,0,1,4
BRDA:41,1,0,8
BRDA:41,1,1,4
BRDA:84,2,0,0
BRDA:84,2,1,43
BRF:6
BRH:5
end_of_record
TN:
SF:src/hooks/useAgentErrors.tsx
FN:5,useAgentErrors
FN:9,(anonymous_1)
FN:19,(anonymous_2)
FNF:3
FNH:3
FNDA:4,useAgentErrors
FNDA:4,(anonymous_1)
FNDA:2,(anonymous_2)
DA:6,4
DA:7,4
DA:9,4
DA:10,4
DA:11,2
DA:13,2
DA:20,2
DA:40,2
LF:8
LH:8
BRDA:10,0,0,2
BRDA:10,0,1,2
BRDA:10,1,0,4
BRDA:10,1,1,3
BRDA:17,2,0,2
BRDA:17,2,1,1
BRDA:24,3,0,2
BRDA:24,3,1,1
BRF:8
BRH:8
end_of_record
TN:
SF:src/hooks/useAudioAnalyser.ts
FN:31,useAudioAnalyser
FN:41,(anonymous_1)
FN:88,(anonymous_2)
FN:93,(anonymous_3)
FN:128,(anonymous_4)
FN:129,(anonymous_5)
FN:132,(anonymous_6)
FN:147,cleanup
FNF:8
FNH:6
FNDA:6,useAudioAnalyser
FNDA:6,(anonymous_1)
FNDA:0,(anonymous_2)
FNDA:2,(anonymous_3)
FNDA:5,(anonymous_4)
FNDA:0,(anonymous_5)
FNDA:5,(anonymous_6)
FNDA:11,cleanup
DA:34,6
DA:35,6
DA:38,6
DA:39,6
DA:41,6
DA:42,6
DA:49,6
DA:50,6
DA:53,5
DA:54,5
DA:56,6
DA:57,0
DA:58,0
DA:62,5
DA:66,5
DA:76,6
DA:77,0
DA:78,0
DA:81,5
DA:83,5
DA:84,5
DA:85,5
DA:88,5
DA:89,0
DA:93,5
DA:94,2
DA:95,2
DA:96,2
DA:99,5
DA:100,5
DA:103,5
DA:106,5
DA:107,5
DA:108,5
DA:111,5
DA:112,5
DA:113,5
DA:114,5
DA:115,5
DA:118,5
DA:121,5
DA:122,5
DA:123,5
DA:126,5
DA:127,5
DA:128,5
DA:129,0
DA:132,5
DA:133,5
DA:134,5
DA:135,5
DA:138,0
DA:139,0
DA:148,11
DA:149,5
DA:150,5
DA:154,5
DA:156,11
DA:157,5
DA:158,5
DA:162,5
DA:164,11
DA:165,11
DA:168,6
LF:64
LH:56
BRDA:50,0,0,1
BRDA:50,0,1,5
BRDA:56,1,0,0
BRDA:56,1,1,6
BRDA:76,2,0,0
BRDA:76,2,1,6
BRDA:76,3,0,6
BRDA:76,3,1,5
BRDA:94,4,0,2
BRDA:94,4,1,0
BRDA:126,5,0,5
BRDA:126,5,1,0
BRDA:148,6,0,5
BRDA:148,6,1,6
BRDA:156,7,0,5
BRDA:156,7,1,6
BRF:16
BRH:12
end_of_record
TN:
SF:src/hooks/useDebug.ts
FN:5,(anonymous_0)
FN:10,(anonymous_1)
FN:21,(anonymous_2)
FNF:3
FNH:3
FNDA:4,(anonymous_0)
FNDA:4,(anonymous_1)
FNDA:3,(anonymous_2)
DA:5,1
DA:6,4
DA:7,4
DA:8,4
DA:10,4
DA:11,4
DA:12,1
DA:13,1
DA:16,3
DA:19,4
DA:21,4
DA:23,3
DA:24,3
LF:13
LH:13
BRDA:5,0,0,4
BRDA:7,1,0,4
BRDA:7,1,1,3
BRDA:8,2,0,4
BRDA:8,2,1,0
BRDA:11,3,0,1
BRDA:11,3,1,3
BRDA:16,4,0,3
BRDA:16,4,1,0
BRF:9
BRH:7
end_of_record
TN:
SF:src/lib/debug.ts
FN:14,(anonymous_0)
FN:20,(anonymous_1)
FN:26,(anonymous_2)
FN:31,(anonymous_3)
FN:40,(anonymous_4)
FN:51,(anonymous_5)
FN:60,(anonymous_6)
FN:66,(anonymous_7)
FN:76,(anonymous_8)
FNF:9
FNH:9
FNDA:20,(anonymous_0)
FNDA:2,(anonymous_1)
FNDA:8,(anonymous_2)
FNDA:1,(anonymous_3)
FNDA:1,(anonymous_4)
FNDA:1,(anonymous_5)
FNDA:1,(anonymous_6)
FNDA:1,(anonymous_7)
FNDA:1,(anonymous_8)
DA:8,14
DA:13,14
DA:15,20
DA:16,20
DA:21,2
DA:22,2
DA:28,8
DA:32,1
DA:33,1
DA:41,1
DA:42,1
DA:43,1
DA:44,1
DA:52,1
DA:53,1
DA:61,1
DA:62,1
DA:67,1
DA:68,1
DA:76,14
LF:20
LH:20
BRDA:8,0,0,14
BRDA:8,0,1,0
BRDA:15,1,0,20
BRDA:15,1,1,0
BRDA:21,2,0,2
BRDA:21,2,1,0
BRDA:32,3,0,1
BRDA:32,3,1,0
BRDA:41,4,0,1
BRDA:41,4,1,0
BRDA:52,5,0,1
BRDA:52,5,1,0
BRDA:61,6,0,1
BRDA:61,6,1,0
BRDA:67,7,0,1
BRDA:67,7,1,0
BRF:16
BRH:8
end_of_record
TN:
SF:src/lib/utils.ts
FN:19,cn
FN:28,getAppConfig
FN:77,getStyles
FN:95,getSandboxTokenSource
FN:96,(anonymous_4)
FNF:5
FNH:5
FNDA:28,cn
FNDA:5,getAppConfig
FNDA:2,getStyles
FNDA:2,getSandboxTokenSource
FNDA:2,(anonymous_4)
DA:8,3
DA:9,3
DA:20,28
DA:29,5
DA:30,5
DA:32,5
DA:33,5
DA:34,1
DA:37,4
DA:42,3
DA:43,1
DA:45,1
DA:47,1
DA:48,2
DA:49,2
DA:56,2
DA:60,1
DA:62,1
DA:67,3
DA:71,4
DA:78,2
DA:80,2
DA:96,2
DA:97,2
DA:101,2
DA:102,2
DA:108,2
DA:109,2
DA:119,1
DA:121,1
DA:122,1
LF:31
LH:31
BRDA:29,0,0,5
BRDA:29,0,1,0
BRDA:30,1,0,5
BRDA:30,1,1,0
BRDA:33,2,0,1
BRDA:33,2,1,4
BRDA:42,3,0,1
BRDA:42,3,1,1
BRDA:48,4,0,0
BRDA:48,4,1,2
BRDA:49,5,0,2
BRDA:49,5,1,0
BRDA:50,6,0,2
BRDA:50,6,1,2
BRDA:50,6,2,2
BRDA:50,6,3,2
BRDA:81,7,0,1
BRDA:81,7,1,1
BRDA:84,8,0,1
BRDA:84,8,1,1
BRDA:101,9,0,2
BRDA:101,9,1,1
BRDA:102,10,0,2
BRDA:102,10,1,0
BRF:24
BRH:19
end_of_record
TN:
SF:src/lib/api/admin.ts
FN:14,getJobDescription
FN:20,updateJobDescription
FN:28,registerCandidate
FN:36,bulkRegisterCandidates
FN:53,getAllCandidates
FN:59,getGeminiUsageReport
FN:65,getManagers
FN:71,enrollManager
FN:79,deleteManager
FN:86,getSystemInstructions
FN:92,updateSystemInstructions
FN:100,scheduleInterviewForUser
FN:108,bulkScheduleInterviews
FNF:13
FNH:13
FNDA:1,getJobDescription
FNDA:1,updateJobDescription
FNDA:1,registerCandidate
FNDA:1,bulkRegisterCandidates
FNDA:1,getAllCandidates
FNDA:1,getGeminiUsageReport
FNDA:1,getManagers
FNDA:1,enrollManager
FNDA:1,deleteManager
FNDA:1,getSystemInstructions
FNDA:1,updateSystemInstructions
FNDA:1,scheduleInterviewForUser
FNDA:1,bulkScheduleInterviews
DA:15,1
DA:21,1
DA:29,1
DA:37,1
DA:38,1
DA:40,1
DA:41,1
DA:42,1
DA:43,1
DA:46,1
DA:54,1
DA:60,1
DA:66,1
DA:72,1
DA:80,1
DA:87,1
DA:93,1
DA:101,1
DA:109,1
DA:110,1
DA:112,1
DA:113,1
DA:114,1
DA:115,1
DA:118,1
LF:25
LH:25
BRDA:42,0,0,1
BRDA:42,0,1,0
BRDA:114,1,0,1
BRDA:114,1,1,0
BRF:4
BRH:2
end_of_record
TN:
SF:src/lib/api/auth.ts
FN:13,login
FN:27,changePassword
FN:35,resetPassword
FN:43,adminLogin
FN:57,studentRegister
FN:71,studentLogin
FNF:6
FNH:6
FNDA:1,login
FNDA:1,changePassword
FNDA:1,resetPassword
FNDA:1,adminLogin
FNDA:1,studentRegister
FNDA:1,studentLogin
DA:14,1
DA:20,1
DA:21,1
DA:22,1
DA:24,1
DA:28,1
DA:36,1
DA:44,1
DA:50,1
DA:51,1
DA:52,1
DA:54,1
DA:58,1
DA:64,1
DA:65,1
DA:66,1
DA:68,1
DA:72,1
DA:81,1
DA:82,1
DA:83,1
DA:85,1
LF:22
LH:22
BRDA:20,0,0,1
BRDA:20,0,1,0
BRDA:20,1,0,1
BRDA:20,1,1,1
BRDA:20,1,2,1
BRDA:50,2,0,1
BRDA:50,2,1,0
BRDA:50,3,0,1
BRDA:50,3,1,1
BRDA:64,4,0,1
BRDA:64,4,1,0
BRDA:64,5,0,1
BRDA:64,5,1,1
BRDA:64,5,2,1
BRDA:81,6,0,1
BRDA:81,6,1,0
BRDA:81,7,0,1
BRDA:81,7,1,1
BRDA:81,7,2,1
BRF:19
BRH:15
end_of_record
TN:
SF:src/lib/api/bookings.ts
FN:11,scheduleInterview
FN:19,getInterviewAccessConfig
FN:26,getBooking
FN:39,uploadApplication
FNF:4
FNH:4
FNDA:1,scheduleInterview
FNDA:1,getInterviewAccessConfig
FNDA:3,getBooking
FNDA:1,uploadApplication
DA:12,1
DA:20,1
DA:21,1
DA:22,1
DA:23,1
DA:27,3
DA:28,3
DA:32,2
DA:33,1
DA:35,1
DA:40,1
DA:41,1
DA:43,1
LF:13
LH:13
BRDA:22,0,0,0
BRDA:22,0,1,1
BRDA:32,1,0,1
BRDA:32,1,1,1
BRDA:32,2,0,2
BRDA:32,2,1,1
BRF:6
BRH:5
end_of_record
TN:
SF:src/lib/api/client.ts
FN:9,getAuthToken
FN:13,getAuthHeaders
FN:25,saveAuthToken
FN:29,removeAuthToken
FN:35,getUserRole
FN:39,saveUserData
FN:44,getUserData
FN:51,apiRequest
FN:57,(anonymous_8)
FN:62,(anonymous_9)
FNF:10
FNH:8
FNDA:5,getAuthToken
FNDA:2,getAuthHeaders
FNDA:8,saveAuthToken
FNDA:2,removeAuthToken
FNDA:9,getUserRole
FNDA:5,saveUserData
FNDA:9,getUserData
FNDA:4,apiRequest
FNDA:0,(anonymous_8)
FNDA:0,(anonymous_9)
DA:5,13
DA:10,5
DA:14,2
DA:15,2
DA:16,1
DA:18,2
DA:19,2
DA:20,1
DA:22,2
DA:26,8
DA:30,2
DA:31,2
DA:32,2
DA:36,9
DA:40,5
DA:41,5
DA:45,9
DA:46,9
DA:52,4
DA:54,4
DA:55,1
DA:56,1
DA:57,1
DA:58,1
DA:61,3
DA:62,1
DA:63,1
DA:66,2
DA:67,2
DA:68,1
DA:70,1
LF:31
LH:31
BRDA:5,0,0,13
BRDA:5,0,1,0
BRDA:5,0,2,0
BRDA:13,1,0,2
BRDA:15,2,0,1
BRDA:15,2,1,1
BRDA:19,3,0,1
BRDA:19,3,1,1
BRDA:41,4,0,5
BRDA:41,4,1,0
BRDA:46,5,0,5
BRDA:46,5,1,4
BRDA:51,6,0,4
BRDA:54,7,0,1
BRDA:54,7,1,3
BRDA:58,8,0,1
BRDA:58,8,1,0
BRDA:58,8,2,0
BRDA:61,9,0,1
BRDA:61,9,1,2
BRDA:63,10,0,1
BRDA:63,10,1,1
BRDA:63,10,2,0
BRDA:67,11,0,1
BRDA:67,11,1,1
BRDA:67,12,0,2
BRDA:67,12,1,2
BRF:27
BRH:21
end_of_record
TN:
SF:src/lib/api/index.ts
FNF:0
FNH:0
LF:0
LH:0
BRF:0
BRH:0
end_of_record
TN:
SF:src/lib/api/interviews.ts
FN:8,getEvaluation
FNF:1
FNH:1
FNDA:1,getEvaluation
DA:9,1
LF:1
LH:1
BRF:0
BRH:0
end_of_record
TN:
SF:src/lib/api/slots.ts
FN:11,getSlots
FN:22,getAvailableSlots
FN:26,createSlot
FN:37,updateSlot
FN:50,deleteSlot
FN:57,createDaySlots
FNF:6
FNH:6
FNDA:1,getSlots
FNDA:1,getAvailableSlots
FNDA:1,createSlot
FNDA:1,updateSlot
FNDA:1,deleteSlot
FNDA:1,createDaySlots
DA:12,1
DA:13,1
DA:14,1
DA:16,1
DA:17,1
DA:23,1
DA:27,1
DA:38,1
DA:39,1
DA:40,1
DA:43,1
DA:51,1
DA:58,1
LF:13
LH:13
BRDA:11,0,0,1
BRDA:13,1,0,1
BRDA:13,1,1,0
BRDA:14,2,0,1
BRDA:14,2,1,0
BRDA:16,3,0,1
BRDA:16,3,1,0
BRDA:39,4,0,1
BRDA:39,4,1,0
BRF:9
BRH:5
end_of_record
TN:
SF:src/lib/api/student.ts
FN:12,getMyAssignments
FN:18,selectSlot
FN:26,getMyInterview
FN:32,getApplicationForm
FN:45,submitApplicationForm
FN:53,uploadApplicationForm
FN:70,getStudentAnalytics
FNF:7
FNH:7
FNDA:1,getMyAssignments
FNDA:1,selectSlot
FNDA:1,getMyInterview
FNDA:3,getApplicationForm
FNDA:1,submitApplicationForm
FNDA:1,uploadApplicationForm
FNDA:1,getStudentAnalytics
DA:13,1
DA:19,1
DA:27,1
DA:33,3
DA:34,3
DA:38,2
DA:39,1
DA:41,1
DA:46,1
DA:54,1
DA:55,1
DA:57,1
DA:58,1
DA:59,1
DA:60,1
DA:63,1
DA:71,1
LF:17
LH:17
BRDA:38,0,0,1
BRDA:38,0,1,1
BRDA:38,1,0,2
BRDA:38,1,1,1
BRDA:59,2,0,1
BRDA:59,2,1,0
BRF:6
BRH:5
end_of_record
TN:
SF:src/lib/api/types.ts
FNF:0
FNH:0
LF:0
LH:0
BRF:0
BRH:0
end_of_record
TN:
SF:src/lib/api/users.ts
FN:11,enrollUser
FN:19,getAllUsers
FN:25,getUser
FN:31,updateUser
FN:39,deleteUser
FN:46,bulkEnrollUsers
FNF:6
FNH:6
FNDA:1,enrollUser
FNDA:1,getAllUsers
FNDA:1,getUser
FNDA:1,updateUser
FNDA:1,deleteUser
FNDA:1,bulkEnrollUsers
DA:12,1
DA:20,1
DA:26,1
DA:32,1
DA:40,1
DA:47,1
DA:48,1
DA:50,1
DA:51,1
DA:52,1
DA:53,1
DA:56,1
LF:12
LH:12
BRDA:52,0,0,1
BRDA:52,0,1,0
BRF:2
BRH:1
end_of_record
TN:
SF:src/lib/proctoring/visionProctor.ts
FN:16,(anonymous_0)
FN:21,(anonymous_1)
FN:34,(anonymous_2)
FN:37,(anonymous_3)
FN:42,(anonymous_4)
FN:49,(anonymous_5)
FN:71,(anonymous_6)
FN:76,(anonymous_7)
FN:103,(anonymous_8)
FNF:9
FNH:8
FNDA:10,(anonymous_0)
FNDA:0,(anonymous_1)
FNDA:6,(anonymous_2)
FNDA:6,(anonymous_3)
FNDA:11,(anonymous_4)
FNDA:8,(anonymous_5)
FNDA:6,(anonymous_6)
FNDA:6,(anonymous_7)
FNDA:6,(anonymous_8)
DA:7,10
DA:8,10
DA:9,10
DA:13,10
DA:14,10
DA:17,10
DA:18,10
DA:20,10
DA:21,0
DA:24,10
DA:31,10
DA:35,6
DA:36,6
DA:37,6
DA:38,6
DA:43,11
DA:44,6
DA:45,6
DA:50,8
DA:51,8
DA:53,7
DA:54,7
DA:56,7
DA:57,7
DA:63,7
DA:64,7
DA:66,1
DA:72,6
DA:75,6
DA:76,6
DA:77,6
DA:82,6
DA:84,6
DA:85,4
DA:86,4
DA:89,2
DA:90,0
DA:93,2
DA:94,2
DA:95,2
DA:97,1
DA:99,2
DA:104,6
DA:105,6
DA:108,6
DA:109,1
DA:110,1
DA:112,1
DA:115,5
DA:118,5
DA:119,1
DA:120,1
DA:123,4
DA:128,4
DA:129,4
DA:130,4
DA:132,4
DA:133,1
DA:134,1
DA:139,3
DA:140,3
DA:141,3
DA:142,3
DA:144,6
DA:145,2
DA:146,1
DA:147,1
DA:148,1
DA:150,1
DA:153,1
LF:70
LH:68
BRDA:35,0,0,0
BRDA:35,0,1,6
BRDA:43,1,0,6
BRDA:43,1,1,5
BRDA:51,2,0,1
BRDA:51,2,1,7
BRDA:56,3,0,7
BRDA:56,3,1,0
BRDA:72,4,0,0
BRDA:72,4,1,6
BRDA:75,5,0,6
BRDA:75,5,1,0
BRDA:77,6,0,6
BRDA:77,6,1,6
BRDA:84,7,0,4
BRDA:84,7,1,2
BRDA:84,8,0,6
BRDA:84,8,1,6
BRDA:89,9,0,0
BRDA:89,9,1,2
BRDA:89,10,0,2
BRDA:89,10,1,2
BRDA:108,11,0,1
BRDA:108,11,1,5
BRDA:108,12,0,6
BRDA:108,12,1,6
BRDA:109,13,0,1
BRDA:109,13,1,0
BRDA:118,14,0,1
BRDA:118,14,1,4
BRDA:132,15,0,1
BRDA:132,15,1,3
BRDA:132,16,0,4
BRDA:132,16,1,3
BRDA:132,16,2,3
BRDA:142,17,0,3
BRDA:142,17,1,1
BRDA:144,18,0,2
BRDA:144,18,1,1
BRDA:145,19,0,1
BRDA:145,19,1,1
BRDA:147,20,0,1
BRDA:147,20,1,0
BRF:43
BRH:36
end_of_record
TN:
SF:src/pages/AdminCandidatesList.tsx
FN:6,AdminCandidatesList
FN:13,(anonymous_1)
FN:17,(anonymous_2)
FN:30,(anonymous_3)
FN:36,(anonymous_4)
FN:69,(anonymous_5)
FN:102,(anonymous_6)
FN:120,(anonymous_7)
FNF:8
FNH:8
FNDA:21,AdminCandidatesList
FNDA:8,(anonymous_1)
FNDA:9,(anonymous_2)
FNDA:21,(anonymous_3)
FNDA:30,(anonymous_4)
FNDA:3,(anonymous_5)
FNDA:15,(anonymous_6)
FNDA:1,(anonymous_7)
DA:7,21
DA:8,21
DA:9,21
DA:10,21
DA:11,21
DA:13,21
DA:14,8
DA:17,21
DA:18,9
DA:19,9
DA:20,9
DA:21,7
DA:23,1
DA:25,8
DA:29,21
DA:31,21
DA:36,21
DA:37,30
DA:38,30
DA:40,0
DA:44,21
DA:45,9
DA:54,12
DA:69,3
DA:103,15
DA:120,1
LF:26
LH:25
BRDA:31,0,0,21
BRDA:31,0,1,5
BRDA:31,0,2,4
BRDA:44,1,0,9
BRDA:44,1,1,12
BRDA:57,2,0,12
BRDA:57,2,1,1
BRDA:82,3,0,3
BRDA:82,3,1,9
BRDA:84,4,0,2
BRDA:84,4,1,1
BRF:11
BRH:11
end_of_record
TN:
SF:src/pages/AdminDashboard.tsx
FN:4,AdminDashboard
FN:27,(anonymous_1)
FN:44,(anonymous_2)
FN:61,(anonymous_3)
FN:78,(anonymous_4)
FN:95,(anonymous_5)
FN:112,(anonymous_6)
FNF:7
FNH:7
FNDA:2,AdminDashboard
FNDA:1,(anonymous_1)
FNDA:1,(anonymous_2)
FNDA:1,(anonymous_3)
FNDA:1,(anonymous_4)
FNDA:1,(anonymous_5)
FNDA:1,(anonymous_6)
DA:5,2
DA:7,2
DA:27,1
DA:44,1
DA:61,1
DA:78,1
DA:95,1
DA:112,1
LF:8
LH:8
BRF:0
BRH:0
end_of_record
TN:
SF:src/pages/AdminEnrollUser.tsx
FN:8,AdminEnrollUser
FN:28,(anonymous_1)
FN:53,(anonymous_2)
FN:61,(anonymous_3)
FN:72,(anonymous_4)
FN:81,(anonymous_5)
FN:89,(anonymous_6)
FN:92,(anonymous_7)
FN:104,(anonymous_8)
FN:136,(anonymous_9)
FN:149,(anonymous_10)
FN:187,(anonymous_11)
FN:198,(anonymous_12)
FN:209,(anonymous_13)
FN:218,(anonymous_14)
FN:319,(anonymous_15)
FNF:16
FNH:9
FNDA:9,AdminEnrollUser
FNDA:1,(anonymous_1)
FNDA:0,(anonymous_2)
FNDA:1,(anonymous_3)
FNDA:1,(anonymous_4)
FNDA:1,(anonymous_5)
FNDA:1,(anonymous_6)
FNDA:0,(anonymous_7)
FNDA:0,(anonymous_8)
FNDA:0,(anonymous_9)
FNDA:1,(anonymous_10)
FNDA:1,(anonymous_11)
FNDA:1,(anonymous_12)
FNDA:0,(anonymous_13)
FNDA:0,(anonymous_14)
FNDA:0,(anonymous_15)
DA:9,9
DA:10,9
DA:11,9
DA:13,9
DA:14,9
DA:15,9
DA:16,9
DA:17,9
DA:18,9
DA:20,9
DA:28,9
DA:29,1
DA:30,1
DA:31,1
DA:32,1
DA:34,1
DA:35,1
DA:40,1
DA:41,1
DA:44,1
DA:53,1
DA:55,0
DA:57,1
DA:61,9
DA:62,1
DA:63,1
DA:65,1
DA:66,1
DA:67,1
DA:68,1
DA:71,1
DA:72,1
DA:73,1
DA:74,1
DA:75,1
DA:76,1
DA:77,1
DA:78,1
DA:81,1
DA:89,1
DA:91,1
DA:92,0
DA:95,1
DA:97,0
DA:101,1
DA:104,9
DA:105,0
DA:106,0
DA:107,0
DA:110,0
DA:111,0
DA:112,0
DA:115,0
DA:116,0
DA:117,0
DA:119,0
DA:120,0
DA:121,0
DA:123,0
DA:125,0
DA:129,9
DA:137,0
DA:138,0
DA:139,0
DA:150,1
DA:151,1
DA:152,1
DA:187,1
DA:198,1
DA:209,0
DA:218,0
DA:320,0
LF:72
LH:49
BRDA:10,0,0,0
BRDA:10,0,1,9
BRDA:63,1,0,0
BRDA:63,1,1,1
BRDA:82,2,0,1
BRDA:82,2,1,0
BRDA:82,2,2,0
BRDA:83,3,0,1
BRDA:83,3,1,0
BRDA:83,3,2,0
BRDA:84,4,0,0
BRDA:84,4,1,1
BRDA:84,5,0,1
BRDA:84,5,1,1
BRDA:84,6,0,0
BRDA:84,6,1,0
BRDA:85,7,0,0
BRDA:85,7,1,1
BRDA:85,8,0,1
BRDA:85,8,1,1
BRDA:85,9,0,0
BRDA:85,9,1,0
BRDA:89,10,0,1
BRDA:89,10,1,1
BRDA:91,11,0,0
BRDA:91,11,1,1
BRDA:105,12,0,0
BRDA:105,12,1,0
BRDA:110,13,0,0
BRDA:110,13,1,0
BRDA:141,14,0,7
BRDA:141,14,1,2
BRDA:154,15,0,2
BRDA:154,15,1,7
BRDA:165,16,0,7
BRDA:165,16,1,2
BRDA:169,17,0,7
BRDA:169,17,1,0
BRDA:175,18,0,7
BRDA:175,18,1,1
BRDA:231,19,0,1
BRDA:231,19,1,6
BRDA:262,20,0,2
BRDA:262,20,1,0
BRDA:279,21,0,2
BRDA:279,21,1,1
BRDA:285,22,0,2
BRDA:285,22,1,0
BRDA:293,23,0,2
BRDA:293,23,1,2
BRDA:293,23,2,1
BRDA:296,24,0,0
BRDA:296,24,1,2
BRDA:299,25,0,2
BRDA:299,25,1,0
BRDA:315,26,0,0
BRDA:315,26,1,0
BRDA:315,26,2,0
BRF:58
BRH:33
end_of_record
TN:
SF:src/pages/AdminGeminiUsagePage.tsx
FN:6,AdminGeminiUsagePage
FN:13,(anonymous_1)
FN:17,(anonymous_2)
FN:31,(anonymous_3)
FN:36,(anonymous_4)
FN:44,(anonymous_5)
FN:45,(anonymous_6)
FN:105,(anonymous_7)
FN:138,(anonymous_8)
FN:161,(anonymous_9)
FNF:10
FNH:8
FNDA:6,AdminGeminiUsagePage
FNDA:3,(anonymous_1)
FNDA:3,(anonymous_2)
FNDA:2,(anonymous_3)
FNDA:2,(anonymous_4)
FNDA:6,(anonymous_5)
FNDA:2,(anonymous_6)
FNDA:0,(anonymous_7)
FNDA:2,(anonymous_8)
FNDA:0,(anonymous_9)
DA:7,6
DA:8,6
DA:9,6
DA:10,6
DA:11,6
DA:13,6
DA:14,3
DA:17,6
DA:18,3
DA:19,3
DA:20,3
DA:21,3
DA:22,2
DA:24,1
DA:26,3
DA:30,6
DA:32,2
DA:36,6
DA:37,2
DA:38,2
DA:40,0
DA:44,6
DA:45,6
DA:52,6
DA:54,6
DA:55,3
DA:64,3
DA:105,0
DA:139,2
DA:161,0
LF:30
LH:27
BRDA:32,0,0,2
BRDA:32,0,1,0
BRDA:46,1,0,2
BRDA:46,1,1,0
BRDA:47,2,0,2
BRDA:47,2,1,0
BRDA:48,3,0,2
BRDA:48,3,1,0
BRDA:54,4,0,3
BRDA:54,4,1,3
BRDA:67,5,0,3
BRDA:67,5,1,1
BRDA:131,6,0,2
BRDA:131,6,1,1
BRDA:148,7,0,2
BRDA:148,7,1,0
BRDA:151,8,0,2
BRDA:151,8,1,0
BRDA:154,9,0,2
BRDA:154,9,1,0
BRDA:156,10,0,2
BRDA:156,10,1,0
BRF:22
BRH:14
end_of_record
TN:
SF:src/pages/AdminJDEditor.tsx
FN:6,AdminJDEditor
FN:17,(anonymous_1)
FN:21,(anonymous_2)
FN:33,(anonymous_3)
FN:42,(anonymous_4)
FN:92,(anonymous_5)
FN:104,(anonymous_6)
FN:113,(anonymous_7)
FNF:8
FNH:7
FNDA:11,AdminJDEditor
FNDA:4,(anonymous_1)
FNDA:4,(anonymous_2)
FNDA:1,(anonymous_3)
FNDA:0,(anonymous_4)
FNDA:154,(anonymous_5)
FNDA:1,(anonymous_6)
FNDA:1,(anonymous_7)
DA:7,11
DA:8,11
DA:9,11
DA:10,11
DA:11,11
DA:13,11
DA:17,11
DA:18,4
DA:21,11
DA:22,4
DA:23,4
DA:24,4
DA:25,3
DA:27,1
DA:29,4
DA:33,11
DA:34,1
DA:35,1
DA:36,1
DA:37,1
DA:39,1
DA:40,1
DA:42,1
DA:44,0
DA:46,1
DA:50,11
DA:51,4
DA:60,7
DA:93,154
DA:104,1
DA:113,1
LF:31
LH:30
BRDA:50,0,0,4
BRDA:50,0,1,7
BRDA:63,1,0,7
BRDA:63,1,1,1
BRDA:69,2,0,11
BRDA:69,2,1,1
BRDA:123,3,0,1
BRDA:123,3,1,6
BRF:8
BRH:8
end_of_record
TN:
SF:src/pages/AdminManageManagers.tsx
FN:12,AdminManageManagers
FN:19,(anonymous_1)
FN:23,(anonymous_2)
FN:36,(anonymous_3)
FN:61,(anonymous_4)
FN:81,(anonymous_5)
FN:105,(anonymous_6)
FN:114,(anonymous_7)
FN:139,(anonymous_8)
FN:150,(anonymous_9)
FN:159,(anonymous_10)
FNF:11
FNH:11
FNDA:18,AdminManageManagers
FNDA:5,(anonymous_1)
FNDA:7,(anonymous_2)
FNDA:1,(anonymous_3)
FNDA:1,(anonymous_4)
FNDA:2,(anonymous_5)
FNDA:24,(anonymous_6)
FNDA:1,(anonymous_7)
FNDA:1,(anonymous_8)
FNDA:1,(anonymous_9)
FNDA:1,(anonymous_10)
DA:13,18
DA:14,18
DA:15,18
DA:16,18
DA:17,18
DA:19,18
DA:20,5
DA:23,18
DA:24,7
DA:25,7
DA:26,7
DA:27,6
DA:29,1
DA:30,1
DA:32,7
DA:36,18
DA:37,1
DA:38,1
DA:39,0
DA:40,0
DA:43,1
DA:44,1
DA:45,1
DA:46,1
DA:50,1
DA:51,1
DA:52,1
DA:54,0
DA:55,0
DA:57,1
DA:61,18
DA:62,1
DA:63,0
DA:66,1
DA:67,1
DA:68,1
DA:69,1
DA:71,0
DA:72,0
DA:76,18
DA:81,2
DA:106,24
DA:114,1
DA:139,1
DA:150,1
DA:159,1
LF:46
LH:39
BRDA:38,0,0,0
BRDA:38,0,1,1
BRDA:38,1,0,1
BRDA:38,1,1,1
BRDA:62,2,0,0
BRDA:62,2,1,1
BRDA:84,3,0,5
BRDA:84,3,1,13
BRDA:90,4,0,1
BRDA:90,4,1,12
BRDA:129,5,0,18
BRDA:129,5,1,5
BRDA:165,6,0,1
BRDA:165,6,1,4
BRF:14
BRH:12
end_of_record
TN:
SF:src/pages/AdminManageSlots.tsx
FN:8,AdminManageSlots
FN:17,(anonymous_1)
FN:69,(anonymous_2)
FN:73,(anonymous_3)
FN:86,(anonymous_4)
FN:104,(anonymous_5)
FN:133,(anonymous_6)
FN:156,(anonymous_7)
FN:187,(anonymous_8)
FN:203,(anonymous_9)
FN:219,(anonymous_10)
FN:233,(anonymous_11)
FN:234,(anonymous_12)
FN:235,(anonymous_13)
FN:243,(anonymous_14)
FN:250,(anonymous_15)
FN:260,(anonymous_16)
FN:261,(anonymous_17)
FN:268,(anonymous_18)
FN:269,(anonymous_19)
FN:276,(anonymous_20)
FN:298,(anonymous_21)
FN:314,(anonymous_22)
FN:339,(anonymous_23)
FN:361,(anonymous_24)
FN:365,(anonymous_25)
FN:384,(anonymous_26)
FN:390,(anonymous_27)
FN:404,(anonymous_28)
FN:427,(anonymous_29)
FN:454,(anonymous_30)
FN:469,(anonymous_31)
FN:488,(anonymous_32)
FN:502,(anonymous_33)
FN:520,(anonymous_34)
FN:554,(anonymous_35)
FN:568,(anonymous_36)
FN:581,(anonymous_37)
FN:596,(anonymous_38)
FN:615,(anonymous_39)
FN:629,(anonymous_40)
FN:646,(anonymous_41)
FN:670,(anonymous_42)
FN:671,(anonymous_43)
FN:680,(anonymous_44)
FN:746,(anonymous_45)
FN:761,(anonymous_46)
FN:770,(anonymous_47)
FNF:48
FNH:27
FNDA:28,AdminManageSlots
FNDA:1,(anonymous_1)
FNDA:7,(anonymous_2)
FNDA:10,(anonymous_3)
FNDA:1,(anonymous_4)
FNDA:0,(anonymous_5)
FNDA:0,(anonymous_6)
FNDA:1,(anonymous_7)
FNDA:42,(anonymous_8)
FNDA:22,(anonymous_9)
FNDA:44,(anonymous_10)
FNDA:44,(anonymous_11)
FNDA:132,(anonymous_12)
FNDA:220,(anonymous_13)
FNDA:0,(anonymous_14)
FNDA:44,(anonymous_15)
FNDA:22,(anonymous_16)
FNDA:22,(anonymous_17)
FNDA:0,(anonymous_18)
FNDA:22,(anonymous_19)
FNDA:28,(anonymous_20)
FNDA:1,(anonymous_21)
FNDA:1,(anonymous_22)
FNDA:1,(anonymous_23)
FNDA:21,(anonymous_24)
FNDA:21,(anonymous_25)
FNDA:42,(anonymous_26)
FNDA:0,(anonymous_27)
FNDA:1,(anonymous_28)
FNDA:63,(anonymous_29)
FNDA:1,(anonymous_30)
FNDA:0,(anonymous_31)
FNDA:0,(anonymous_32)
FNDA:0,(anonymous_33)
FNDA:0,(anonymous_34)
FNDA:1,(anonymous_35)
FNDA:0,(anonymous_36)
FNDA:0,(anonymous_37)
FNDA:0,(anonymous_38)
FNDA:0,(anonymous_39)
FNDA:0,(anonymous_40)
FNDA:0,(anonymous_41)
FNDA:0,(anonymous_42)
FNDA:0,(anonymous_43)
FNDA:0,(anonymous_44)
FNDA:0,(anonymous_45)
FNDA:0,(anonymous_46)
FNDA:0,(anonymous_47)
DA:9,28
DA:10,28
DA:11,28
DA:13,28
DA:17,28
DA:18,1
DA:19,1
DA:20,0
DA:23,1
DA:24,1
DA:25,1
DA:26,1
DA:27,1
DA:29,0
DA:31,1
DA:38,28
DA:39,28
DA:40,28
DA:41,28
DA:42,28
DA:43,28
DA:44,28
DA:45,28
DA:46,28
DA:47,28
DA:50,28
DA:59,28
DA:69,28
DA:70,7
DA:73,28
DA:74,10
DA:75,10
DA:76,10
DA:77,10
DA:78,10
DA:80,0
DA:82,10
DA:86,28
DA:87,1
DA:88,1
DA:89,1
DA:90,1
DA:91,1
DA:92,1
DA:93,1
DA:94,1
DA:96,1
DA:98,0
DA:100,1
DA:104,28
DA:105,0
DA:107,0
DA:108,0
DA:109,0
DA:110,0
DA:111,0
DA:112,0
DA:113,0
DA:115,0
DA:116,0
DA:121,0
DA:124,0
DA:130,0
DA:133,28
DA:134,0
DA:135,0
DA:137,0
DA:138,0
DA:139,0
DA:144,0
DA:145,0
DA:146,0
DA:147,0
DA:149,0
DA:151,0
DA:156,28
DA:157,1
DA:158,1
DA:159,1
DA:160,1
DA:161,1
DA:162,1
DA:163,1
DA:173,1
DA:174,0
DA:177,1
DA:179,0
DA:181,1
DA:187,28
DA:188,42
DA:189,42
DA:190,42
DA:192,42
DA:199,0
DA:203,28
DA:204,22
DA:205,22
DA:206,22
DA:208,22
DA:215,0
DA:219,28
DA:220,44
DA:221,44
DA:222,44
DA:226,44
DA:233,44
DA:234,132
DA:235,220
DA:237,44
DA:239,0
DA:243,28
DA:244,0
DA:246,0
DA:250,28
DA:251,44
DA:252,44
DA:253,22
DA:255,44
DA:256,44
DA:260,28
DA:261,22
DA:262,22
DA:267,28
DA:268,0
DA:269,22
DA:276,28
DA:277,28
DA:278,28
DA:279,22
DA:281,28
DA:284,28
DA:287,28
DA:299,1
DA:307,1
DA:315,1
DA:316,1
DA:318,1
DA:339,1
DA:362,21
DA:366,21
DA:385,42
DA:387,42
DA:390,0
DA:404,1
DA:428,63
DA:454,1
DA:469,0
DA:488,0
DA:502,0
DA:521,0
DA:522,0
DA:523,0
DA:554,1
DA:568,0
DA:581,0
DA:596,0
DA:615,0
DA:629,0
DA:647,0
DA:648,0
DA:670,0
DA:671,0
DA:680,0
DA:747,0
DA:762,0
DA:763,0
DA:770,0
LF:167
LH:110
BRDA:10,0,0,2
BRDA:10,0,1,26
BRDA:19,1,0,0
BRDA:19,1,1,1
BRDA:29,2,0,0
BRDA:29,2,1,0
BRDA:77,3,0,9
BRDA:77,3,1,1
BRDA:80,4,0,0
BRDA:80,4,1,0
BRDA:88,5,0,0
BRDA:88,5,1,1
BRDA:98,6,0,0
BRDA:98,6,1,0
BRDA:108,7,0,0
BRDA:108,7,1,0
BRDA:108,8,0,0
BRDA:108,8,1,0
BRDA:112,9,0,0
BRDA:112,9,1,0
BRDA:112,10,0,0
BRDA:112,10,1,0
BRDA:115,11,0,0
BRDA:115,11,1,0
BRDA:115,12,0,0
BRDA:115,12,1,0
BRDA:128,13,0,0
BRDA:128,13,1,0
BRDA:135,14,0,0
BRDA:135,14,1,0
BRDA:140,15,0,0
BRDA:140,15,1,0
BRDA:151,16,0,0
BRDA:151,16,1,0
BRDA:173,17,0,0
BRDA:173,17,1,1
BRDA:173,18,0,1
BRDA:173,18,1,1
BRDA:179,19,0,0
BRDA:179,19,1,0
BRDA:190,20,0,0
BRDA:190,20,1,42
BRDA:206,21,0,0
BRDA:206,21,1,22
BRDA:222,22,0,0
BRDA:222,22,1,44
BRDA:252,23,0,22
BRDA:252,23,1,22
BRDA:328,24,0,28
BRDA:328,24,1,0
BRDA:351,25,0,7
BRDA:351,25,1,21
BRDA:355,26,0,0
BRDA:355,26,1,21
BRDA:378,27,0,21
BRDA:378,27,1,0
BRDA:391,28,0,21
BRDA:391,28,1,21
BRDA:393,29,0,21
BRDA:393,29,1,0
BRDA:409,30,0,2
BRDA:409,30,1,40
BRDA:427,31,0,21
BRDA:427,31,1,21
BRDA:438,32,0,28
BRDA:438,32,1,3
BRDA:442,33,0,0
BRDA:442,33,1,3
BRDA:445,34,0,0
BRDA:445,34,1,3
BRDA:469,35,0,0
BRDA:469,35,1,0
BRDA:488,36,0,0
BRDA:488,36,1,0
BRDA:515,37,0,1
BRDA:515,37,1,2
BRDA:515,38,0,0
BRDA:515,38,1,2
BRDA:537,39,0,28
BRDA:537,39,1,3
BRDA:596,40,0,0
BRDA:596,40,1,0
BRDA:615,41,0,0
BRDA:615,41,1,0
BRDA:642,42,0,1
BRDA:642,42,1,2
BRDA:669,43,0,28
BRDA:669,43,1,0
BRDA:707,44,0,0
BRDA:707,44,1,0
BRDA:715,45,0,0
BRDA:715,45,1,0
BRDA:723,46,0,0
BRDA:723,46,1,0
BRDA:736,47,0,0
BRDA:736,47,1,0
BRDA:739,48,0,0
BRDA:739,48,1,0
BRDA:750,49,0,0
BRDA:750,49,1,0
BRF:100
BRH:38
end_of_record
TN:
SF:src/pages/AdminManageUsers.tsx
FN:7,AdminManageUsers
FN:20,(anonymous_1)
FN:33,(anonymous_2)
FN:38,(anonymous_3)
FN:42,(anonymous_4)
FN:54,(anonymous_5)
FN:67,(anonymous_6)
FN:78,(anonymous_7)
FN:95,(anonymous_8)
FN:101,(anonymous_9)
FN:107,(anonymous_10)
FN:115,(anonymous_11)
FN:217,(anonymous_12)
FN:269,(anonymous_13)
FN:270,(anonymous_14)
FN:274,(anonymous_15)
FN:275,(anonymous_16)
FN:276,(anonymous_17)
FN:292,(anonymous_18)
FN:317,(anonymous_19)
FN:349,(anonymous_20)
FN:357,(anonymous_21)
FN:365,(anonymous_22)
FN:373,(anonymous_23)
FN:380,(anonymous_24)
FN:393,(anonymous_25)
FN:420,(anonymous_26)
FN:438,(anonymous_27)
FN:444,(anonymous_28)
FNF:29
FNH:14
FNDA:17,AdminManageUsers
FNDA:0,(anonymous_1)
FNDA:0,(anonymous_2)
FNDA:5,(anonymous_3)
FNDA:7,(anonymous_4)
FNDA:1,(anonymous_5)
FNDA:2,(anonymous_6)
FNDA:1,(anonymous_7)
FNDA:1,(anonymous_8)
FNDA:21,(anonymous_9)
FNDA:21,(anonymous_10)
FNDA:17,(anonymous_11)
FNDA:0,(anonymous_12)
FNDA:0,(anonymous_13)
FNDA:0,(anonymous_14)
FNDA:0,(anonymous_15)
FNDA:0,(anonymous_16)
FNDA:0,(anonymous_17)
FNDA:0,(anonymous_18)
FNDA:0,(anonymous_19)
FNDA:21,(anonymous_20)
FNDA:1,(anonymous_21)
FNDA:0,(anonymous_22)
FNDA:0,(anonymous_23)
FNDA:0,(anonymous_24)
FNDA:0,(anonymous_25)
FNDA:0,(anonymous_26)
FNDA:2,(anonymous_27)
FNDA:1,(anonymous_28)
DA:8,17
DA:9,17
DA:10,17
DA:11,17
DA:12,17
DA:13,17
DA:14,17
DA:15,17
DA:16,17
DA:17,17
DA:18,17
DA:20,17
DA:21,0
DA:22,0
DA:23,0
DA:24,0
DA:25,0
DA:27,0
DA:29,0
DA:33,17
DA:34,0
DA:35,0
DA:38,17
DA:39,5
DA:42,17
DA:43,7
DA:44,7
DA:45,7
DA:46,6
DA:48,1
DA:50,7
DA:54,17
DA:55,1
DA:56,0
DA:59,1
DA:60,1
DA:61,1
DA:63,0
DA:67,17
DA:68,2
DA:69,2
DA:78,17
DA:79,1
DA:81,1
DA:82,1
DA:83,1
DA:84,1
DA:85,1
DA:86,1
DA:87,1
DA:89,0
DA:91,1
DA:95,17
DA:96,1
DA:97,1
DA:100,17
DA:102,21
DA:107,17
DA:108,21
DA:109,21
DA:111,0
DA:115,17
DA:116,17
DA:118,17
DA:120,0
DA:122,0
DA:124,0
DA:126,0
DA:130,17
DA:131,5
DA:140,12
DA:218,0
DA:269,0
DA:270,0
DA:274,0
DA:275,0
DA:276,0
DA:293,0
DA:294,0
DA:317,0
DA:350,21
DA:357,1
DA:365,0
DA:373,0
DA:380,0
DA:393,0
DA:420,0
DA:438,2
DA:444,1
LF:89
LH:58
BRDA:9,0,0,0
BRDA:9,0,1,17
BRDA:55,1,0,0
BRDA:55,1,1,1
BRDA:72,2,0,2
BRDA:72,2,1,2
BRDA:74,3,0,2
BRDA:74,3,1,2
BRDA:79,4,0,0
BRDA:79,4,1,1
BRDA:102,5,0,21
BRDA:102,5,1,0
BRDA:102,5,2,0
BRDA:102,5,3,0
BRDA:116,6,0,17
BRDA:116,6,1,0
BRDA:116,6,2,0
BRDA:116,6,3,0
BRDA:116,6,4,0
BRDA:130,7,0,5
BRDA:130,7,1,12
BRDA:130,8,0,17
BRDA:130,8,1,5
BRDA:143,9,0,12
BRDA:143,9,1,1
BRDA:150,10,0,17
BRDA:150,10,1,0
BRDA:150,10,2,0
BRDA:170,11,0,0
BRDA:170,11,1,0
BRDA:183,12,0,0
BRDA:183,12,1,0
BRDA:196,13,0,0
BRDA:196,13,1,0
BRDA:204,14,0,0
BRDA:204,14,1,0
BRDA:204,15,0,0
BRDA:204,15,1,0
BRDA:222,16,0,0
BRDA:222,16,1,0
BRDA:223,17,0,0
BRDA:223,17,1,0
BRDA:229,18,0,0
BRDA:229,18,1,0
BRDA:232,19,0,0
BRDA:232,19,1,0
BRDA:235,20,0,0
BRDA:235,20,1,0
BRDA:259,21,0,0
BRDA:259,21,1,0
BRDA:259,21,2,0
BRDA:270,22,0,0
BRDA:270,22,1,0
BRDA:275,23,0,0
BRDA:275,23,1,0
BRDA:330,24,0,1
BRDA:330,24,1,11
BRDA:332,25,0,1
BRDA:332,25,1,0
BRDA:351,26,0,4
BRDA:351,26,1,17
BRDA:356,27,0,4
BRDA:356,27,1,0
BRDA:364,28,0,4
BRDA:364,28,1,0
BRDA:372,29,0,4
BRDA:372,29,1,4
BRDA:379,30,0,4
BRDA:379,30,1,0
BRDA:392,31,0,4
BRDA:392,31,1,4
BRDA:405,32,0,1
BRDA:405,32,1,3
BRDA:427,33,0,17
BRDA:427,33,1,17
BRDA:433,34,0,17
BRDA:433,34,1,17
BRF:77
BRH:34
end_of_record
TN:
SF:src/pages/AdminScheduleInterview.tsx
FN:9,AdminScheduleInterview
FN:28,(anonymous_1)
FN:33,(anonymous_2)
FN:42,(anonymous_3)
FN:55,(anonymous_4)
FN:73,(anonymous_5)
FN:85,(anonymous_6)
FN:86,(anonymous_7)
FN:87,(anonymous_8)
FN:96,(anonymous_9)
FN:113,(anonymous_10)
FN:124,(anonymous_11)
FN:125,(anonymous_12)
FN:139,(anonymous_13)
FN:148,(anonymous_14)
FN:165,(anonymous_15)
FN:171,(anonymous_16)
FN:212,(anonymous_17)
FN:217,(anonymous_18)
FN:228,(anonymous_19)
FN:237,(anonymous_20)
FN:259,(anonymous_21)
FN:292,(anonymous_22)
FN:305,(anonymous_23)
FN:355,(anonymous_24)
FN:360,(anonymous_25)
FN:383,(anonymous_26)
FN:388,(anonymous_27)
FN:401,(anonymous_28)
FN:406,(anonymous_29)
FN:433,(anonymous_30)
FN:534,(anonymous_31)
FNF:32
FNH:27
FNDA:12,AdminScheduleInterview
FNDA:3,(anonymous_1)
FNDA:4,(anonymous_2)
FNDA:4,(anonymous_3)
FNDA:4,(anonymous_4)
FNDA:7,(anonymous_5)
FNDA:7,(anonymous_6)
FNDA:21,(anonymous_7)
FNDA:35,(anonymous_8)
FNDA:7,(anonymous_9)
FNDA:7,(anonymous_10)
FNDA:7,(anonymous_11)
FNDA:0,(anonymous_12)
FNDA:3,(anonymous_13)
FNDA:3,(anonymous_14)
FNDA:7,(anonymous_15)
FNDA:1,(anonymous_16)
FNDA:1,(anonymous_17)
FNDA:1,(anonymous_18)
FNDA:1,(anonymous_19)
FNDA:1,(anonymous_20)
FNDA:0,(anonymous_21)
FNDA:0,(anonymous_22)
FNDA:1,(anonymous_23)
FNDA:1,(anonymous_24)
FNDA:7,(anonymous_25)
FNDA:1,(anonymous_26)
FNDA:7,(anonymous_27)
FNDA:1,(anonymous_28)
FNDA:3,(anonymous_29)
FNDA:0,(anonymous_30)
FNDA:0,(anonymous_31)
DA:10,12
DA:11,12
DA:12,12
DA:13,12
DA:14,12
DA:15,12
DA:16,12
DA:17,12
DA:18,12
DA:19,12
DA:20,12
DA:21,12
DA:22,12
DA:23,12
DA:24,12
DA:25,12
DA:26,12
DA:28,12
DA:29,3
DA:30,3
DA:33,12
DA:34,4
DA:35,4
DA:36,4
DA:38,0
DA:42,12
DA:43,4
DA:46,4
DA:48,4
DA:54,4
DA:55,4
DA:56,4
DA:57,4
DA:58,4
DA:60,4
DA:63,4
DA:64,4
DA:65,4
DA:67,0
DA:68,0
DA:73,12
DA:74,7
DA:75,7
DA:76,7
DA:78,7
DA:85,7
DA:86,21
DA:87,35
DA:89,7
DA:91,0
DA:96,12
DA:97,7
DA:98,7
DA:99,7
DA:101,7
DA:108,0
DA:113,12
DA:114,7
DA:116,7
DA:117,7
DA:119,7
DA:120,7
DA:124,12
DA:125,7
DA:126,0
DA:131,12
DA:134,12
DA:137,12
DA:138,3
DA:139,3
DA:148,12
DA:149,3
DA:150,3
DA:151,3
DA:153,3
DA:160,0
DA:165,12
DA:167,7
DA:168,7
DA:171,12
DA:172,1
DA:173,1
DA:174,1
DA:175,1
DA:176,1
DA:178,1
DA:179,1
DA:180,0
DA:183,1
DA:184,0
DA:187,1
DA:193,1
DA:194,1
DA:197,1
DA:198,1
DA:199,1
DA:200,1
DA:203,1
DA:205,0
DA:207,1
DA:212,12
DA:213,1
DA:214,1
DA:217,12
DA:218,1
DA:219,1
DA:221,1
DA:222,1
DA:223,1
DA:224,1
DA:227,1
DA:228,1
DA:229,1
DA:230,1
DA:231,1
DA:232,1
DA:233,1
DA:234,1
DA:237,1
DA:238,1
DA:239,1
DA:240,0
DA:243,1
DA:250,1
DA:252,0
DA:256,1
DA:259,12
DA:260,0
DA:261,0
DA:262,0
DA:265,0
DA:266,0
DA:267,0
DA:270,0
DA:271,0
DA:272,0
DA:274,0
DA:275,0
DA:276,0
DA:277,0
DA:279,0
DA:281,0
DA:285,12
DA:293,0
DA:294,0
DA:295,0
DA:306,1
DA:307,1
DA:308,1
DA:355,1
DA:361,7
DA:383,1
DA:389,7
DA:401,1
DA:407,3
DA:408,3
DA:433,0
DA:535,0
LF:158
LH:126
BRDA:11,0,0,0
BRDA:11,0,1,12
BRDA:60,1,0,4
BRDA:60,1,1,4
BRDA:76,2,0,0
BRDA:76,2,1,7
BRDA:99,3,0,0
BRDA:99,3,1,7
BRDA:116,4,0,7
BRDA:116,4,1,0
BRDA:134,5,0,3
BRDA:134,5,1,9
BRDA:134,6,0,3
BRDA:134,6,1,0
BRDA:137,7,0,3
BRDA:137,7,1,9
BRDA:137,8,0,12
BRDA:137,8,1,3
BRDA:151,9,0,0
BRDA:151,9,1,3
BRDA:167,10,0,0
BRDA:167,10,1,7
BRDA:179,11,0,0
BRDA:179,11,1,1
BRDA:183,12,0,0
BRDA:183,12,1,1
BRDA:190,13,0,1
BRDA:190,13,1,1
BRDA:219,14,0,0
BRDA:219,14,1,1
BRDA:238,15,0,1
BRDA:238,15,1,1
BRDA:238,15,2,1
BRDA:239,16,0,0
BRDA:239,16,1,1
BRDA:244,17,0,1
BRDA:244,17,1,1
BRDA:244,17,2,1
BRDA:244,17,3,0
BRDA:245,18,0,1
BRDA:245,18,1,0
BRDA:245,18,2,0
BRDA:246,19,0,0
BRDA:246,19,1,1
BRDA:260,20,0,0
BRDA:260,20,1,0
BRDA:265,21,0,0
BRDA:265,21,1,0
BRDA:297,22,0,10
BRDA:297,22,1,2
BRDA:310,23,0,2
BRDA:310,23,1,10
BRDA:321,24,0,10
BRDA:321,24,1,2
BRDA:325,25,0,10
BRDA:325,25,1,0
BRDA:331,26,0,10
BRDA:331,26,1,1
BRDA:334,27,0,1
BRDA:334,27,1,0
BRDA:362,28,0,0
BRDA:362,28,1,7
BRDA:371,29,0,3
BRDA:371,29,1,7
BRDA:373,30,0,0
BRDA:373,30,1,3
BRDA:390,31,0,0
BRDA:390,31,1,7
BRDA:396,32,0,7
BRDA:396,32,1,3
BRDA:396,32,2,3
BRDA:418,33,0,7
BRDA:418,33,1,3
BRDA:418,33,2,0
BRDA:445,34,0,10
BRDA:445,34,1,9
BRDA:445,34,2,3
BRDA:445,34,3,1
BRDA:448,35,0,1
BRDA:448,35,1,9
BRDA:477,36,0,2
BRDA:477,36,1,0
BRDA:494,37,0,2
BRDA:494,37,1,1
BRDA:500,38,0,2
BRDA:500,38,1,0
BRDA:508,39,0,2
BRDA:508,39,1,2
BRDA:508,39,2,1
BRDA:511,40,0,0
BRDA:511,40,1,2
BRDA:514,41,0,2
BRDA:514,41,1,0
BRDA:530,42,0,0
BRDA:530,42,1,0
BRDA:530,42,2,0
BRF:96
BRH:64
end_of_record
TN:
SF:src/pages/AdminSystemInstructions.tsx
FN:7,AdminSystemInstructions
FN:12,(anonymous_1)
FN:16,(anonymous_2)
FN:29,(anonymous_3)
FN:67,(anonymous_4)
FNF:5
FNH:5
FNDA:18,AdminSystemInstructions
FNDA:5,(anonymous_1)
FNDA:6,(anonymous_2)
FNDA:2,(anonymous_3)
FNDA:2,(anonymous_4)
DA:8,18
DA:9,18
DA:10,18
DA:12,18
DA:13,5
DA:16,18
DA:17,6
DA:18,6
DA:19,6
DA:20,5
DA:22,1
DA:23,1
DA:25,6
DA:29,18
DA:30,2
DA:31,0
DA:32,0
DA:35,2
DA:36,2
DA:37,2
DA:38,1
DA:40,1
DA:41,1
DA:43,2
DA:47,18
DA:67,2
LF:26
LH:24
BRDA:20,0,0,5
BRDA:20,0,1,0
BRDA:30,1,0,0
BRDA:30,1,1,2
BRDA:59,2,0,6
BRDA:59,2,1,12
BRDA:82,3,0,12
BRDA:82,3,1,10
BRDA:84,4,0,2
BRDA:84,4,1,10
BRF:10
BRH:8
end_of_record
TN:
SF:src/pages/ApplyPage.tsx
FN:16,ApplyPage
FN:38,(anonymous_1)
FN:39,(anonymous_2)
FN:42,(anonymous_3)
FN:47,(anonymous_4)
FN:48,(anonymous_5)
FN:50,(anonymous_6)
FN:52,(anonymous_7)
FN:60,(anonymous_8)
FN:65,(anonymous_9)
FN:68,(anonymous_10)
FN:70,(anonymous_11)
FN:78,(anonymous_12)
FN:80,(anonymous_13)
FN:86,(anonymous_14)
FN:97,(anonymous_15)
FN:101,(anonymous_16)
FN:109,getDateTimeString
FN:143,handleSubmit
FN:236,(anonymous_19)
FN:254,(anonymous_20)
FN:254,(anonymous_21)
FN:266,(anonymous_22)
FN:290,(anonymous_23)
FN:295,(anonymous_24)
FN:299,(anonymous_25)
FN:309,(anonymous_26)
FN:313,(anonymous_27)
FN:316,(anonymous_28)
FN:317,(anonymous_29)
FN:349,(anonymous_30)
FN:350,(anonymous_31)
FN:367,(anonymous_32)
FN:368,(anonymous_33)
FN:373,(anonymous_34)
FN:387,(anonymous_35)
FN:388,(anonymous_36)
FN:393,(anonymous_37)
FN:407,(anonymous_38)
FN:408,(anonymous_39)
FNF:40
FNH:35
FNDA:29,ApplyPage
FNDA:348,(anonymous_1)
[...]
FNDA:5,(anonymous_4)
FNDA:5,(anonymous_5)
DA:6,28
DA:11,28
DA:12,28
DA:13,28
DA:14,28
DA:15,28
DA:17,28
DA:18,5
DA:19,5
DA:20,5
DA:22,5
DA:23,1
DA:24,1
DA:27,4
DA:28,1
DA:29,1
DA:32,3
DA:33,1
DA:34,1
DA:37,2
DA:39,2
DA:40,2
DA:46,1
DA:50,1
DA:51,1
DA:52,1
DA:55,1
DA:56,0
DA:59,1
DA:61,2
DA:65,28
DA:89,5
DA:104,5
DA:119,5
LF:34
LH:33
BRDA:22,0,0,1
BRDA:22,0,1,4
BRDA:27,1,0,1
BRDA:27,1,1,3
BRDA:32,2,0,1
BRDA:32,2,1,2
BRDA:32,3,0,3
BRDA:32,3,1,2
BRDA:50,4,0,1
BRDA:50,4,1,0
BRDA:59,5,0,1
BRDA:59,5,1,0
BRDA:75,6,0,1
BRDA:75,6,1,27
BRDA:126,7,0,27
BRDA:126,7,1,4
BRDA:137,8,0,2
BRDA:137,8,1,25
BRF:18
BRH:16
end_of_record
TN:
SF:src/pages/ForgotPassword.tsx
FN:5,ForgotPassword
FN:14,(anonymous_1)
FN:38,(anonymous_2)
FN:72,(anonymous_3)
FN:87,(anonymous_4)
FN:102,(anonymous_5)
FNF:6
FNH:5
FNDA:23,ForgotPassword
FNDA:4,(anonymous_1)
FNDA:0,(anonymous_2)
FNDA:4,(anonymous_3)
FNDA:4,(anonymous_4)
FNDA:4,(anonymous_5)
DA:6,23
DA:7,23
DA:8,23
DA:9,23
DA:10,23
DA:11,23
DA:12,23
DA:14,23
DA:15,4
DA:16,4
DA:17,4
DA:19,4
DA:20,1
DA:21,1
DA:24,3
DA:25,1
DA:26,1
DA:29,2
DA:31,2
DA:32,2
DA:37,1
DA:38,1
DA:39,0
DA:42,1
DA:44,2
DA:48,23
DA:72,4
DA:87,4
DA:102,4
LF:29
LH:28
BRDA:19,0,0,1
BRDA:19,0,1,3
BRDA:24,1,0,1
BRDA:24,1,1,2
BRDA:42,2,0,1
BRDA:42,2,1,0
BRDA:58,3,0,1
BRDA:58,3,1,22
BRDA:109,4,0,22
BRDA:109,4,1,3
BRDA:120,5,0,2
BRDA:120,5,1,20
BRF:12
BRH:11
end_of_record
TN:
SF:src/pages/HomePage.tsx
FN:4,HomePage
FN:8,(anonymous_1)
FN:47,(anonymous_2)
FN:76,(anonymous_3)
FN:239,(anonymous_4)
FN:245,(anonymous_5)
FNF:6
FNH:3
FNDA:8,HomePage
FNDA:3,(anonymous_1)
FNDA:0,(anonymous_2)
FNDA:1,(anonymous_3)
FNDA:0,(anonymous_4)
FNDA:0,(anonymous_5)
DA:5,8
DA:6,8
DA:8,8
DA:9,3
DA:10,2
DA:11,1
DA:12,1
DA:13,1
DA:16,1
DA:20,8
DA:47,0
DA:76,1
DA:239,0
DA:245,0
LF:14
LH:11
BRDA:9,0,0,2
BRDA:9,0,1,1
BRDA:10,1,0,1
BRDA:10,1,1,1
BRDA:12,2,0,1
BRDA:12,2,1,0
BRDA:193,3,0,4
BRDA:193,3,1,4
BRF:8
BRH:7
end_of_record
TN:
SF:src/pages/InterviewEvaluationPage.tsx
FN:10,getScoreColor
FN:17,getScoreLabel
FN:31,extractIssues
FN:43,(anonymous_3)
FN:44,(anonymous_4)
FN:45,(anonymous_5)
FN:85,extractExample
FN:96,(anonymous_7)
FN:96,(anonymous_8)
FN:132,parseSections
FN:146,(anonymous_10)
FN:155,(anonymous_11)
FN:167,BarChart
FN:206,SkillCard
FN:248,(anonymous_14)
FN:278,OverallScoreBadge
FN:351,getIcon
FN:358,CondensedFeedback
FN:362,(anonymous_18)
FN:362,(anonymous_19)
FN:366,(anonymous_20)
FN:380,(anonymous_21)
FN:409,(anonymous_22)
FN:437,Card
FN:451,SectionTitle
FN:462,InterviewEvaluationPage
FN:474,(anonymous_26)
FN:478,(anonymous_27)
FN:490,(anonymous_28)
FN:499,(anonymous_29)
FN:564,(anonymous_30)
FN:629,(anonymous_31)
FN:656,(anonymous_32)
FN:659,(anonymous_33)
FN:691,(anonymous_34)
FN:714,(anonymous_35)
FN:733,(anonymous_36)
FNF:37
FNH:30
FNDA:63,getScoreColor
FNDA:35,getScoreLabel
FNDA:28,extractIssues
FNDA:172,(anonymous_3)
FNDA:48,(anonymous_4)
FNDA:48,(anonymous_5)
FNDA:28,extractExample
FNDA:0,(anonymous_7)
FNDA:0,(anonymous_8)
FNDA:6,parseSections
FNDA:24,(anonymous_10)
FNDA:0,(anonymous_11)
FNDA:28,BarChart
FNDA:28,SkillCard
FNDA:60,(anonymous_14)
FNDA:7,OverallScoreBadge
FNDA:6,getIcon
FNDA:6,CondensedFeedback
FNDA:0,(anonymous_18)
FNDA:0,(anonymous_19)
FNDA:6,(anonymous_20)
FNDA:0,(anonymous_21)
FNDA:0,(anonymous_22)
FNDA:15,Card
FNDA:7,SectionTitle
FNDA:14,InterviewEvaluationPage
FNDA:6,(anonymous_26)
FNDA:6,(anonymous_27)
FNDA:7,(anonymous_28)
FNDA:14,(anonymous_29)
FNDA:2,(anonymous_30)
FNDA:28,(anonymous_31)
FNDA:14,(anonymous_32)
FNDA:2,(anonymous_33)
FNDA:12,(anonymous_34)
FNDA:6,(anonymous_35)
FNDA:2,(anonymous_36)
DA:11,63
DA:12,14
DA:13,0
DA:14,0
DA:18,35
DA:19,7
DA:20,0
DA:21,0
DA:32,28
DA:39,28
DA:41,28
DA:43,172
DA:44,48
DA:45,48
DA:47,28
DA:50,16
DA:51,9
DA:58,7
DA:59,7
DA:66,0
DA:67,0
DA:74,0
DA:86,28
DA:93,28
DA:94,28
DA:95,28
DA:96,0
DA:97,0
DA:101,28
DA:124,28
DA:125,28
DA:130,1
DA:133,6
DA:134,6
DA:136,6
DA:137,12
DA:138,12
DA:139,12
DA:140,12
DA:141,6
DA:146,24
DA:149,6
DA:151,0
DA:155,0
DA:158,0
DA:161,6
DA:162,6
DA:168,28
DA:169,28
DA:171,28
DA:207,28
DA:208,28
DA:210,28
DA:249,60
DA:279,7
DA:280,7
DA:281,7
DA:330,1
DA:352,6
DA:353,6
DA:355,0
DA:359,6
DA:360,6
DA:362,6
DA:364,6
DA:367,6
DA:368,6
DA:369,6
DA:370,6
DA:372,6
DA:380,0
DA:410,0
DA:411,0
DA:412,0
DA:438,15
DA:452,7
DA:463,14
DA:464,14
DA:465,14
DA:466,14
DA:467,14
DA:469,14
DA:470,14
DA:471,14
DA:472,14
DA:474,14
DA:475,6
DA:478,14
DA:479,6
DA:480,6
DA:481,6
DA:482,6
DA:484,1
DA:486,6
DA:490,14
DA:491,7
DA:492,7
DA:496,0
DA:499,14
DA:500,14
DA:507,14
DA:513,8
DA:519,7
DA:520,14
DA:523,14
DA:550,14
DA:564,2
DA:630,28
DA:657,14
DA:659,2
DA:692,12
DA:715,6
DA:734,2
LF:113
LH:95
BRDA:11,0,0,49
BRDA:11,0,1,14
BRDA:12,1,0,14
BRDA:12,1,1,0
BRDA:13,2,0,0
BRDA:13,2,1,0
BRDA:18,3,0,28
BRDA:18,3,1,7
BRDA:19,4,0,7
BRDA:19,4,1,0
BRDA:20,5,0,0
BRDA:20,5,1,0
BRDA:43,6,0,172
BRDA:43,6,1,124
BRDA:45,7,0,48
BRDA:45,7,1,12
BRDA:45,7,2,12
BRDA:47,8,0,12
BRDA:47,8,1,16
BRDA:50,9,0,9
BRDA:50,9,1,7
BRDA:58,10,0,7
BRDA:58,10,1,0
BRDA:66,11,0,0
BRDA:66,11,1,0
BRDA:95,12,0,0
BRDA:95,12,1,28
BRDA:97,13,0,0
BRDA:97,13,1,0
BRDA:124,14,0,28
BRDA:124,14,1,0
BRDA:124,15,0,0
BRDA:124,15,1,0
BRDA:138,16,0,12
BRDA:138,16,1,0
BRDA:140,17,0,6
BRDA:140,17,1,6
BRDA:149,18,0,6
BRDA:149,18,1,0
BRDA:158,19,0,0
BRDA:158,19,1,0
BRDA:161,20,0,0
BRDA:161,20,1,6
BRDA:161,21,0,6
BRDA:161,21,1,0
BRDA:353,22,0,6
BRDA:353,22,1,0
BRDA:369,23,0,6
BRDA:369,23,1,0
BRDA:397,24,0,6
BRDA:397,24,1,6
BRDA:403,25,0,0
BRDA:403,25,1,6
BRDA:407,26,0,6
BRDA:407,26,1,0
BRDA:410,27,0,0
BRDA:410,27,1,0
BRDA:410,27,2,0
BRDA:421,28,0,0
BRDA:421,28,1,0
BRDA:454,29,0,7
BRDA:454,29,1,7
BRDA:467,30,0,2
BRDA:467,30,1,12
BRDA:475,31,0,6
BRDA:475,31,1,0
BRDA:484,32,0,1
BRDA:484,32,1,0
BRDA:507,33,0,6
BRDA:507,33,1,8
BRDA:513,34,0,1
BRDA:513,34,1,7
BRDA:513,35,0,8
BRDA:513,35,1,7
BRDA:515,36,0,1
BRDA:515,36,1,0
BRDA:519,37,0,7
BRDA:519,37,1,0
BRDA:524,38,0,14
BRDA:524,38,1,7
BRDA:530,39,0,14
BRDA:530,39,1,7
BRDA:536,40,0,14
BRDA:536,40,1,7
BRDA:542,41,0,14
BRDA:542,41,1,7
BRDA:586,42,0,14
BRDA:586,42,1,7
BRDA:603,43,0,14
BRDA:603,43,1,1
BRDA:618,44,0,14
BRDA:618,44,1,7
BRDA:623,45,0,14
BRDA:623,45,1,7
BRDA:644,46,0,14
BRDA:644,46,1,7
BRDA:644,46,2,6
BRDA:665,47,0,7
BRDA:665,47,1,7
BRDA:666,48,0,7
BRDA:666,48,1,7
BRDA:677,49,0,14
BRDA:677,49,1,6
BRDA:690,50,0,6
BRDA:690,50,1,0
BRDA:713,51,0,6
BRDA:713,51,1,0
BRDA:728,52,0,14
BRDA:728,52,1,1
BRDA:732,53,0,1
BRDA:732,53,1,0
BRDA:736,54,0,1
BRDA:736,54,1,1
BRDA:741,55,0,1
BRDA:741,55,1,1
BRDA:743,56,0,1
BRDA:743,56,1,0
BRDA:746,57,0,1
BRDA:746,57,1,1
BRDA:751,58,0,1
BRDA:751,58,1,1
BRDA:751,59,0,1
BRDA:751,59,1,0
BRDA:752,60,0,2
BRDA:752,60,1,2
BRF:125
BRH:86
end_of_record
TN:
SF:src/pages/InterviewPage.tsx
FN:12,InterviewPage
FN:18,(anonymous_1)
FN:20,(anonymous_2)
FN:30,(anonymous_3)
FN:33,(anonymous_4)
FN:34,(anonymous_5)
FN:37,(anonymous_6)
FN:55,(anonymous_7)
FN:62,loadData
FN:127,(anonymous_9)
FN:186,(anonymous_10)
FN:308,(anonymous_11)
FNF:12
FNH:9
FNDA:23,InterviewPage
FNDA:8,(anonymous_1)
FNDA:8,(anonymous_2)
FNDA:8,(anonymous_3)
FNDA:8,(anonymous_4)
FNDA:0,(anonymous_5)
FNDA:15,(anonymous_6)
FNDA:1,(anonymous_7)
FNDA:6,loadData
FNDA:0,(anonymous_9)
FNDA:0,(anonymous_10)
FNDA:1,(anonymous_11)
DA:13,23
DA:14,23
DA:15,23
DA:16,23
DA:18,23
DA:19,8
DA:20,8
DA:23,23
DA:24,23
DA:25,23
DA:26,23
DA:27,23
DA:30,23
DA:31,8
DA:32,8
DA:33,8
DA:34,0
DA:37,23
DA:38,15
DA:39,0
DA:40,0
DA:41,0
DA:45,15
DA:46,8
DA:50,7
DA:51,7
DA:52,7
DA:53,1
DA:54,1
DA:55,1
DA:56,1
DA:58,1
DA:63,6
DA:64,6
DA:66,6
DA:67,6
DA:70,6
DA:72,6
DA:73,1
DA:74,1
DA:75,1
DA:79,5
DA:82,5
DA:83,1
DA:84,1
DA:85,1
DA:89,4
DA:90,4
DA:93,4
DA:94,4
DA:95,4
DA:96,0
DA:98,0
DA:99,0
DA:100,0
DA:101,0
DA:105,4
DA:108,4
DA:109,1
DA:110,1
DA:111,1
DA:115,3
DA:116,1
DA:117,1
DA:118,1
DA:121,2
DA:123,0
DA:125,0
DA:126,0
DA:127,0
DA:128,0
DA:130,0
DA:131,0
DA:133,0
DA:135,0
DA:139,6
DA:143,23
DA:147,23
DA:148,15
DA:157,8
DA:158,1
DA:173,7
DA:174,1
DA:186,0
DA:196,6
DA:197,0
DA:212,6
DA:213,1
DA:225,5
DA:226,1
DA:227,1
DA:237,1
DA:252,4
DA:253,1
DA:254,1
DA:255,1
DA:257,1
DA:267,1
DA:277,1
DA:292,3
DA:293,0
DA:304,3
DA:305,2
DA:308,1
DA:314,1
LF:105
LH:84
BRDA:31,0,0,0
BRDA:31,0,1,8
BRDA:38,1,0,0
BRDA:38,1,1,15
BRDA:45,2,0,8
BRDA:45,2,1,7
BRDA:50,3,0,7
BRDA:50,3,1,0
BRDA:51,4,0,0
BRDA:51,4,1,7
BRDA:52,5,0,1
BRDA:52,5,1,6
BRDA:52,6,0,7
BRDA:52,6,1,6
BRDA:72,7,0,1
BRDA:72,7,1,5
BRDA:82,8,0,1
BRDA:82,8,1,4
BRDA:94,9,0,4
BRDA:94,9,1,0
BRDA:96,10,0,0
BRDA:96,10,1,0
BRDA:99,11,0,0
BRDA:99,11,1,0
BRDA:100,12,0,0
BRDA:100,12,1,0
BRDA:108,13,0,1
BRDA:108,13,1,3
BRDA:115,14,0,1
BRDA:115,14,1,2
BRDA:125,15,0,0
BRDA:125,15,1,0
BRDA:125,16,0,0
BRDA:125,16,1,0
BRDA:130,17,0,0
BRDA:130,17,1,0
BRDA:130,18,0,0
BRDA:130,18,1,0
BRDA:143,19,0,23
BRDA:143,19,1,8
BRDA:143,19,2,8
BRDA:143,19,3,8
BRDA:147,20,0,15
BRDA:147,20,1,8
BRDA:157,21,0,1
BRDA:157,21,1,7
BRDA:173,22,0,1
BRDA:173,22,1,6
BRDA:186,23,0,0
BRDA:186,23,1,0
BRDA:189,24,0,1
BRDA:189,24,1,0
BRDA:196,25,0,0
BRDA:196,25,1,6
BRDA:212,26,0,1
BRDA:212,26,1,5
BRDA:225,27,0,1
BRDA:225,27,1,4
BRDA:226,28,0,1
BRDA:226,28,1,0
BRDA:252,29,0,1
BRDA:252,29,1,3
BRDA:253,30,0,1
BRDA:253,30,1,0
BRDA:254,31,0,1
BRDA:254,31,1,0
BRDA:292,32,0,0
BRDA:292,32,1,3
BRDA:304,33,0,2
BRDA:304,33,1,1
BRDA:307,34,0,2
BRDA:307,34,1,0
BRDA:317,35,0,1
BRDA:317,35,1,0
BRDA:318,36,0,23
BRDA:318,36,1,0
BRDA:318,36,2,0
BRF:77
BRH:46
end_of_record
TN:
SF:src/pages/JobsPage.tsx
FN:4,JobsPage
FN:34,(anonymous_1)
FNF:2
FNH:2
FNDA:3,JobsPage
FNDA:1,(anonymous_1)
DA:5,3
DA:7,3
DA:34,1
LF:3
LH:3
BRF:0
BRH:0
end_of_record
TN:
SF:src/pages/LoginPage.tsx
FN:6,LoginPage
FN:16,(anonymous_1)
FN:79,(anonymous_2)
FN:97,(anonymous_3)
FNF:4
FNH:4
FNDA:43,LoginPage
FNDA:6,(anonymous_1)
FNDA:7,(anonymous_2)
FNDA:7,(anonymous_3)
DA:7,43
DA:11,43
DA:12,43
DA:13,43
DA:14,43
DA:16,43
DA:17,6
DA:18,6
DA:19,6
DA:21,6
DA:22,6
DA:27,5
DA:28,4
DA:32,4
DA:35,4
DA:36,1
DA:37,3
DA:38,1
DA:41,2
DA:42,1
DA:44,1
DA:48,1
DA:51,1
DA:53,6
DA:57,43
DA:80,7
DA:98,7
LF:27
LH:27
BRDA:27,0,0,4
BRDA:27,0,1,1
BRDA:27,1,0,5
BRDA:27,1,1,4
BRDA:27,1,2,4
BRDA:35,2,0,1
BRDA:35,2,1,3
BRDA:37,3,0,1
BRDA:37,3,1,2
BRDA:41,4,0,1
BRDA:41,4,1,1
BRDA:48,5,0,1
BRDA:48,5,1,0
BRDA:51,6,0,1
BRDA:51,6,1,0
BRDA:107,7,0,43
BRDA:107,7,1,2
BRDA:118,8,0,6
BRDA:118,8,1,37
BRF:19
BRH:17
end_of_record
TN:
SF:src/pages/ManagerDashboard.tsx
FN:6,ManagerDashboard
FN:14,(anonymous_1)
FN:18,(anonymous_2)
FN:23,(anonymous_3)
FN:24,(anonymous_4)
FN:25,(anonymous_5)
FNF:6
FNH:6
FNDA:6,ManagerDashboard
FNDA:3,(anonymous_1)
FNDA:3,(anonymous_2)
FNDA:2,(anonymous_3)
FNDA:2,(anonymous_4)
FNDA:2,(anonymous_5)
DA:7,6
DA:12,6
DA:14,6
DA:15,3
DA:18,6
DA:19,3
DA:20,3
DA:21,3
DA:23,2
DA:24,2
DA:25,2
DA:27,2
DA:33,1
DA:34,1
DA:36,3
DA:40,6
LF:16
LH:16
BRDA:45,0,0,3
BRDA:45,0,1,3
BRF:2
BRH:2
end_of_record
TN:
SF:src/pages/StudentApplicationForm.tsx
FN:7,StudentApplicationForm
FN:16,(anonymous_1)
FN:21,(anonymous_2)
FN:26,(anonymous_3)
FN:27,(anonymous_4)
FN:49,(anonymous_5)
FN:117,(anonymous_6)
FN:172,(anonymous_7)
FN:195,(anonymous_8)
FNF:9
FNH:6
FNDA:14,StudentApplicationForm
FNDA:4,(anonymous_1)
FNDA:4,(anonymous_2)
FNDA:4,(anonymous_3)
FNDA:0,(anonymous_4)
FNDA:2,(anonymous_5)
FNDA:0,(anonymous_6)
FNDA:2,(anonymous_7)
FNDA:0,(anonymous_8)
DA:8,14
DA:9,14
DA:10,14
DA:11,14
DA:12,14
DA:13,14
DA:14,14
DA:16,14
DA:17,4
DA:21,14
DA:22,4
DA:23,4
DA:26,4
DA:27,4
DA:30,4
DA:35,4
DA:36,1
DA:37,1
DA:38,1
DA:42,0
DA:45,4
DA:49,14
DA:50,2
DA:51,0
DA:52,0
DA:55,2
DA:56,2
DA:57,2
DA:59,2
DA:60,2
DA:61,1
DA:62,1
DA:63,1
DA:64,1
DA:65,0
DA:69,1
DA:71,2
DA:75,14
DA:76,4
DA:85,10
DA:87,14
DA:117,0
DA:173,2
DA:174,2
DA:175,2
DA:176,2
DA:196,0
DA:197,0
LF:48
LH:41
BRDA:35,0,0,1
BRDA:35,0,1,3
BRDA:37,1,0,1
BRDA:37,1,1,0
BRDA:50,2,0,0
BRDA:50,2,1,2
BRDA:61,3,0,1
BRDA:61,3,1,0
BRDA:61,4,0,1
BRDA:61,4,1,1
BRDA:64,5,0,0
BRDA:64,5,1,1
BRDA:75,6,0,4
BRDA:75,6,1,10
BRDA:85,7,0,10
BRDA:85,7,1,2
BRDA:93,8,0,2
BRDA:93,8,1,8
BRDA:99,9,0,14
BRDA:99,9,1,2
BRDA:101,10,0,2
BRDA:101,10,1,1
BRDA:105,11,0,14
BRDA:105,11,1,1
BRDA:111,12,0,14
BRDA:111,12,1,2
BRDA:127,13,0,2
BRDA:127,13,1,8
BRDA:131,14,0,2
BRDA:131,14,1,0
BRDA:174,15,0,2
BRDA:174,15,1,0
BRDA:184,16,0,5
BRDA:184,16,1,3
BRDA:192,17,0,8
BRDA:192,17,1,5
BRDA:208,18,0,2
BRDA:208,18,1,3
BRF:38
BRH:32
end_of_record
TN:
SF:src/pages/StudentDashboard.tsx
FN:8,StudentDashboard
FN:14,(anonymous_1)
FN:18,(anonymous_2)
FN:115,(anonymous_3)
FN:132,(anonymous_4)
FN:162,(anonymous_5)
FN:174,(anonymous_6)
FN:179,(anonymous_7)
FN:218,(anonymous_8)
FN:235,(anonymous_9)
FN:252,(anonymous_10)
FN:269,(anonymous_11)
FN:286,(anonymous_12)
FNF:13
FNH:11
FNDA:8,StudentDashboard
FNDA:4,(anonymous_1)
FNDA:4,(anonymous_2)
FNDA:4,(anonymous_3)
FNDA:2,(anonymous_4)
FNDA:10,(anonymous_5)
FNDA:4,(anonymous_6)
FNDA:4,(anonymous_7)
FNDA:1,(anonymous_8)
FNDA:1,(anonymous_9)
FNDA:1,(anonymous_10)
FNDA:0,(anonymous_11)
FNDA:0,(anonymous_12)
DA:9,8
DA:10,8
DA:11,8
DA:12,8
DA:14,8
DA:15,4
DA:18,8
DA:19,4
DA:20,4
DA:21,3
DA:23,1
DA:26,4
DA:30,8
DA:116,4
DA:133,2
DA:163,10
DA:174,4
DA:180,4
DA:218,1
DA:235,1
DA:252,1
DA:269,0
DA:286,0
LF:23
LH:21
BRDA:38,0,0,8
BRDA:38,0,1,0
BRDA:38,0,2,0
BRDA:44,1,0,8
BRDA:44,1,1,3
BRDA:44,1,2,2
BRDA:54,2,0,8
BRDA:54,2,1,4
BRDA:54,2,2,3
BRDA:54,2,3,2
BRDA:114,3,0,2
BRDA:114,3,1,0
BRDA:131,4,0,2
BRDA:131,4,1,0
BRDA:149,5,0,8
BRDA:149,5,1,4
BRDA:149,5,2,3
BRDA:149,5,3,2
BRDA:167,6,0,2
BRDA:167,6,1,2
BRDA:182,7,0,4
BRDA:182,7,1,0
BRDA:205,8,0,2
BRDA:205,8,1,0
BRDA:308,9,0,8
BRDA:308,9,1,0
BRDA:312,10,0,8
BRDA:312,10,1,0
BRDA:314,11,0,8
BRDA:314,11,1,0
BRDA:322,12,0,8
BRDA:322,12,1,0
BRF:32
BRH:22
end_of_record
TN:
SF:src/pages/StudentMyInterviews.tsx
FN:7,StudentMyInterviews
FN:16,(anonymous_1)
FN:21,(anonymous_2)
FN:34,(anonymous_3)
FN:47,(anonymous_4)
FN:63,(anonymous_5)
FN:79,(anonymous_6)
FN:111,(anonymous_7)
FN:120,(anonymous_8)
FN:129,(anonymous_9)
FN:151,(anonymous_10)
FN:210,(anonymous_11)
FN:250,(anonymous_12)
FN:280,(anonymous_13)
FNF:14
FNH:12
FNDA:15,StudentMyInterviews
FNDA:4,(anonymous_1)
FNDA:4,(anonymous_2)
FNDA:4,(anonymous_3)
FNDA:7,(anonymous_4)
FNDA:5,(anonymous_5)
FNDA:5,(anonymous_6)
FNDA:0,(anonymous_7)
FNDA:1,(anonymous_8)
FNDA:2,(anonymous_9)
FNDA:3,(anonymous_10)
FNDA:0,(anonymous_11)
FNDA:2,(anonymous_12)
FNDA:1,(anonymous_13)
DA:8,15
DA:9,15
DA:10,15
DA:11,15
DA:12,15
DA:13,15
DA:14,15
DA:16,15
DA:17,4
DA:18,4
DA:21,15
DA:22,4
DA:23,4
DA:24,4
DA:25,4
DA:26,3
DA:28,1
DA:30,4
DA:34,15
DA:35,4
DA:36,4
DA:37,4
DA:39,0
DA:41,4
DA:47,15
DA:48,7
DA:49,7
DA:50,7
DA:52,7
DA:59,0
DA:63,15
DA:64,5
DA:65,5
DA:66,5
DA:68,5
DA:75,0
DA:79,15
DA:80,5
DA:83,15
DA:84,4
DA:93,11
DA:111,0
DA:120,1
DA:129,2
DA:152,3
DA:153,3
DA:154,3
DA:156,3
DA:211,0
DA:212,0
DA:213,0
DA:215,0
DA:251,2
DA:252,2
DA:253,2
DA:255,2
DA:256,0
DA:257,0
DA:260,2
DA:280,1
LF:60
LH:50
BRDA:50,0,0,0
BRDA:50,0,1,7
BRDA:66,1,0,0
BRDA:66,1,1,5
BRDA:83,2,0,4
BRDA:83,2,1,11
BRDA:83,3,0,15
BRDA:83,3,1,4
BRDA:101,4,0,11
BRDA:101,4,1,1
BRDA:112,5,0,8
BRDA:112,5,1,3
BRDA:117,6,0,6
BRDA:117,6,1,5
BRDA:121,7,0,1
BRDA:121,7,1,10
BRDA:126,8,0,0
BRDA:126,8,1,11
BRDA:130,9,0,2
BRDA:130,9,1,9
BRDA:135,10,0,6
BRDA:135,10,1,5
BRDA:141,11,0,15
BRDA:141,11,1,8
BRDA:145,12,0,5
BRDA:145,12,1,3
BRDA:145,13,0,8
BRDA:145,13,1,3
BRDA:145,13,2,3
BRDA:154,14,0,3
BRDA:154,14,1,0
BRDA:154,14,2,0
BRDA:165,15,0,3
BRDA:165,15,1,0
BRDA:169,16,0,3
BRDA:169,16,1,3
BRDA:200,17,0,15
BRDA:200,17,1,1
BRDA:204,18,0,1
BRDA:204,18,1,0
BRDA:204,19,0,1
BRDA:204,19,1,1
BRDA:204,19,2,1
BRDA:213,20,0,0
BRDA:213,20,1,0
BRDA:213,20,2,0
BRDA:224,21,0,0
BRDA:224,21,1,0
BRDA:240,22,0,15
BRDA:240,22,1,2
BRDA:244,23,0,0
BRDA:244,23,1,2
BRDA:244,24,0,2
BRDA:244,24,1,2
BRDA:244,24,2,2
BRDA:253,25,0,2
BRDA:253,25,1,0
BRDA:253,26,0,0
BRDA:253,26,1,0
BRDA:255,27,0,0
BRDA:255,27,1,2
BRDA:268,28,0,0
BRDA:268,28,1,2
BRDA:269,29,0,2
BRDA:269,29,1,0
BRDA:270,30,0,0
BRDA:270,30,1,0
BRDA:274,31,0,2
BRDA:274,31,1,0
BRF:69
BRH:47
end_of_record
TN:
SF:src/pages/StudentOverallAnalysis.tsx
FN:6,StudentOverallAnalysis
FN:11,(anonymous_1)
FN:15,(anonymous_2)
FN:129,(anonymous_3)
FN:132,(anonymous_4)
FN:144,(anonymous_5)
FN:157,(anonymous_6)
FN:170,(anonymous_7)
FN:175,(anonymous_8)
FN:218,(anonymous_9)
FN:236,(anonymous_10)
FN:253,(anonymous_11)
FNF:12
FNH:12
FNDA:7,StudentOverallAnalysis
FNDA:4,(anonymous_1)
FNDA:4,(anonymous_2)
FNDA:6,(anonymous_3)
FNDA:5,(anonymous_4)
FNDA:2,(anonymous_5)
FNDA:2,(anonymous_6)
FNDA:2,(anonymous_7)
FNDA:2,(anonymous_8)
FNDA:2,(anonymous_9)
FNDA:1,(anonymous_10)
FNDA:2,(anonymous_11)
DA:7,7
DA:8,7
DA:9,7
DA:11,7
DA:12,4
DA:15,7
DA:16,4
DA:17,4
DA:18,4
DA:19,2
DA:21,1
DA:22,1
DA:24,3
DA:28,7
DA:29,4
DA:38,3
DA:39,1
DA:54,2
DA:55,1
DA:78,1
DA:130,6
DA:133,5
DA:144,2
DA:157,2
DA:170,2
DA:176,2
DA:219,2
DA:237,1
DA:254,2
LF:29
LH:29
BRDA:28,0,0,4
BRDA:28,0,1,3
BRDA:38,1,0,1
BRDA:38,1,1,2
BRDA:54,2,0,1
BRDA:54,2,1,1
BRDA:54,3,0,2
BRDA:54,3,1,2
BRDA:70,4,0,1
BRDA:70,4,1,0
BRDA:115,5,0,1
BRDA:115,5,1,0
BRDA:137,6,0,7
BRDA:137,6,1,1
BRDA:149,7,0,7
BRDA:149,7,1,1
BRDA:162,8,0,7
BRDA:162,8,1,1
BRDA:178,9,0,2
BRDA:178,9,1,0
BRDA:216,10,0,1
BRDA:216,10,1,0
BRDA:234,11,0,1
BRDA:234,11,1,0
BRF:24
BRH:19
end_of_record
TN:
SF:src/pages/StudentProfile.tsx
FN:5,StudentProfile
FN:16,(anonymous_1)
FN:90,(anonymous_2)
FN:96,(anonymous_3)
FNF:4
FNH:2
FNDA:5,StudentProfile
FNDA:2,(anonymous_1)
FNDA:0,(anonymous_2)
FNDA:0,(anonymous_3)
DA:6,5
DA:7,5
DA:9,5
DA:16,2
DA:90,0
DA:96,0
LF:6
LH:4
BRDA:19,0,0,1
BRDA:19,0,1,4
BRDA:31,1,0,5
BRDA:31,1,1,1
BRDA:43,2,0,1
BRDA:43,2,1,4
BRDA:46,3,0,1
BRDA:46,3,1,0
BRDA:50,4,0,4
BRDA:50,4,1,1
BRDA:58,5,0,5
BRDA:58,5,1,0
BRDA:68,6,0,1
BRDA:68,6,1,4
BRDA:71,7,0,1
BRDA:71,7,1,0
BRDA:75,8,0,4
BRDA:75,8,1,1
BRDA:83,9,0,5
BRDA:83,9,1,0
BRDA:87,10,0,5
BRDA:87,10,1,1
BRF:22
BRH:18
end_of_record
TN:
SF:src/services/faceDetection.ts
FN:6,initializeFaceDetection
FN:11,(anonymous_1)
FN:19,(anonymous_2)
FN:37,detectFaceInVideo
FN:44,(anonymous_4)
FN:45,(anonymous_5)
FN:50,(anonymous_6)
FNF:7
FNH:5
FNDA:8,initializeFaceDetection
FNDA:0,(anonymous_1)
FNDA:0,(anonymous_2)
FNDA:4,detectFaceInVideo
FNDA:3,(anonymous_4)
FNDA:1,(anonymous_5)
FNDA:2,(anonymous_6)
DA:3,3
DA:4,3
DA:7,8
DA:8,3
DA:10,0
DA:11,0
DA:13,0
DA:16,3
DA:17,3
DA:18,3
DA:20,0
DA:24,3
DA:29,3
DA:30,2
DA:31,2
DA:33,3
DA:38,4
DA:39,1
DA:42,3
DA:44,3
DA:45,3
DA:46,1
DA:47,1
DA:50,3
DA:51,2
DA:52,2
DA:53,2
DA:56,3
LF:28
LH:24
BRDA:7,0,0,5
BRDA:7,0,1,3
BRDA:8,1,0,0
BRDA:8,1,1,3
BRDA:38,2,0,1
BRDA:38,2,1,3
BRDA:42,3,0,0
BRDA:42,3,1,3
BRF:8
BRH:6
end_of_record
TN:
SF:src/services/geminiCodeAnalysis.ts
FN:7,analyzeCode
FNF:1
FNH:1
FNDA:4,analyzeCode
DA:12,4
DA:13,4
DA:15,4
DA:27,3
DA:28,1
DA:31,2
DA:32,1
DA:35,3
DA:36,3
LF:9
LH:9
BRDA:27,0,0,1
BRDA:27,0,1,2
BRF:2
BRH:2
end_of_record
TN:
SF:src/services/videoMonitoring.ts
FN:41,(anonymous_0)
FN:45,(anonymous_1)
FN:49,(anonymous_2)
FN:58,(anonymous_3)
FN:81,(anonymous_4)
FN:118,(anonymous_5)
FN:131,(anonymous_6)
FN:136,(anonymous_7)
FNF:8
FNH:8
FNDA:8,(anonymous_0)
FNDA:8,(anonymous_1)
FNDA:1,(anonymous_2)
FNDA:2,(anonymous_3)
FNDA:4,(anonymous_4)
FNDA:2,(anonymous_5)
FNDA:1,(anonymous_6)
FNDA:1,(anonymous_7)
DA:35,8
DA:36,8
DA:37,8
DA:38,8
DA:39,8
DA:42,8
DA:46,8
DA:48,8
DA:49,1
DA:51,8
DA:57,8
DA:58,2
DA:60,8
DA:69,8
DA:70,8
DA:71,4
DA:72,4
DA:74,4
DA:75,4
DA:77,3
DA:82,4
DA:83,1
DA:84,1
DA:87,3
DA:88,3
DA:91,3
DA:92,3
DA:93,3
DA:95,3
DA:97,3
DA:99,2
DA:101,1
DA:106,3
DA:107,3
DA:108,3
DA:110,3
DA:111,3
DA:116,2
DA:117,2
DA:118,2
DA:119,2
DA:120,2
DA:123,1
DA:127,3
DA:132,1
DA:137,1
DA:141,8
LF:47
LH:47
BRDA:82,0,0,1
BRDA:82,0,1,3
BRDA:91,1,0,3
BRDA:91,1,1,0
BRDA:106,2,0,3
BRDA:106,2,1,0
BRDA:116,3,0,2
BRDA:116,3,1,0
BRDA:118,4,0,2
BRDA:118,4,1,0
BRF:10
BRH:6
end_of_record
TN:
SF:src/utils/codeRunner.ts
FN:10,runCode
FN:35,(anonymous_1)
FNF:2
FNH:2
FNDA:6,runCode
FNDA:1,(anonymous_1)
DA:15,6
DA:16,6
DA:19,6
DA:20,6
DA:22,6
DA:34,5
DA:35,2
DA:36,2
DA:39,3
DA:42,3
DA:43,1
DA:44,1
DA:46,2
DA:49,3
DA:52,3
DA:53,3
DA:56,6
DA:57,6
LF:18
LH:18
BRDA:34,0,0,2
BRDA:34,0,1,3
BRDA:36,1,0,2
BRDA:36,1,1,0
BRDA:42,2,0,1
BRDA:42,2,1,2
BRDA:42,3,0,3
BRDA:42,3,1,1
BRDA:44,4,0,1
BRDA:44,4,1,1
BRDA:46,5,0,2
BRDA:46,5,1,0
BRDA:53,6,0,3
BRDA:53,6,1,0
BRF:14
BRH:11
end_of_record
